Analysis & Synthesis report for Perudo
Wed Sep 25 14:51:23 2019
Quartus II 64-Bit Version 12.1 Build 243 01/31/2013 Service Pack 1 SJ Web Edition


---------------------
; Table of Contents ;
---------------------
  1. Legal Notice
  2. Analysis & Synthesis Summary
  3. Analysis & Synthesis Settings
  4. Parallel Compilation
  5. Analysis & Synthesis Messages



----------------
; Legal Notice ;
----------------
Copyright (C) 1991-2012 Altera Corporation
Your use of Altera Corporation's design tools, logic functions 
and other software and tools, and its AMPP partner logic 
functions, and any output files from any of the foregoing 
(including device programming or simulation files), and any 
associated documentation or information are expressly subject 
to the terms and conditions of the Altera Program License 
Subscription Agreement, Altera MegaCore Function License 
Agreement, or other applicable license agreement, including, 
without limitation, that your use is for the sole purpose of 
programming logic devices manufactured by Altera and sold by 
Altera or its authorized distributors.  Please refer to the 
applicable agreement for further details.



+------------------------------------------------------------------------------------+
; Analysis & Synthesis Summary                                                       ;
+------------------------------------+-----------------------------------------------+
; Analysis & Synthesis Status        ; Failed - Wed Sep 25 14:51:23 2019             ;
; Quartus II 64-Bit Version          ; 12.1 Build 243 01/31/2013 SP 1 SJ Web Edition ;
; Revision Name                      ; Perudo                                        ;
; Top-level Entity Name              ; Perudo_DE1                                    ;
; Family                             ; Cyclone II                                    ;
; Total logic elements               ; N/A until Partition Merge                     ;
;     Total combinational functions  ; N/A until Partition Merge                     ;
;     Dedicated logic registers      ; N/A until Partition Merge                     ;
; Total registers                    ; N/A until Partition Merge                     ;
; Total pins                         ; N/A until Partition Merge                     ;
; Total virtual pins                 ; N/A until Partition Merge                     ;
; Total memory bits                  ; N/A until Partition Merge                     ;
; Embedded Multiplier 9-bit elements ; N/A until Partition Merge                     ;
; Total PLLs                         ; N/A until Partition Merge                     ;
+------------------------------------+-----------------------------------------------+


+----------------------------------------------------------------------------------------------------------------------+
; Analysis & Synthesis Settings                                                                                        ;
+----------------------------------------------------------------------------+--------------------+--------------------+
; Option                                                                     ; Setting            ; Default Value      ;
+----------------------------------------------------------------------------+--------------------+--------------------+
; Device                                                                     ; EP2C20F484C7       ;                    ;
; Top-level entity name                                                      ; Perudo_DE1         ; Perudo             ;
; Family name                                                                ; Cyclone II         ; Cyclone IV GX      ;
; Use smart compilation                                                      ; Off                ; Off                ;
; Enable parallel Assembler and TimeQuest Timing Analyzer during compilation ; On                 ; On                 ;
; Enable compact report table                                                ; Off                ; Off                ;
; Restructure Multiplexers                                                   ; Auto               ; Auto               ;
; Create Debugging Nodes for IP Cores                                        ; Off                ; Off                ;
; Preserve fewer node names                                                  ; On                 ; On                 ;
; Disable OpenCore Plus hardware evaluation                                  ; Off                ; Off                ;
; Verilog Version                                                            ; Verilog_2001       ; Verilog_2001       ;
; VHDL Version                                                               ; VHDL_1993          ; VHDL_1993          ;
; State Machine Processing                                                   ; Auto               ; Auto               ;
; Safe State Machine                                                         ; Off                ; Off                ;
; Extract Verilog State Machines                                             ; On                 ; On                 ;
; Extract VHDL State Machines                                                ; On                 ; On                 ;
; Ignore Verilog initial constructs                                          ; Off                ; Off                ;
; Iteration limit for constant Verilog loops                                 ; 5000               ; 5000               ;
; Iteration limit for non-constant Verilog loops                             ; 250                ; 250                ;
; Add Pass-Through Logic to Inferred RAMs                                    ; On                 ; On                 ;
; Infer RAMs from Raw Logic                                                  ; On                 ; On                 ;
; Parallel Synthesis                                                         ; On                 ; On                 ;
; DSP Block Balancing                                                        ; Auto               ; Auto               ;
; NOT Gate Push-Back                                                         ; On                 ; On                 ;
; Power-Up Don't Care                                                        ; On                 ; On                 ;
; Remove Redundant Logic Cells                                               ; Off                ; Off                ;
; Remove Duplicate Registers                                                 ; On                 ; On                 ;
; Ignore CARRY Buffers                                                       ; Off                ; Off                ;
; Ignore CASCADE Buffers                                                     ; Off                ; Off                ;
; Ignore GLOBAL Buffers                                                      ; Off                ; Off                ;
; Ignore ROW GLOBAL Buffers                                                  ; Off                ; Off                ;
; Ignore LCELL Buffers                                                       ; Off                ; Off                ;
; Ignore SOFT Buffers                                                        ; On                 ; On                 ;
; Limit AHDL Integers to 32 Bits                                             ; Off                ; Off                ;
; Optimization Technique                                                     ; Balanced           ; Balanced           ;
; Carry Chain Length                                                         ; 70                 ; 70                 ;
; Auto Carry Chains                                                          ; On                 ; On                 ;
; Auto Open-Drain Pins                                                       ; On                 ; On                 ;
; Perform WYSIWYG Primitive Resynthesis                                      ; Off                ; Off                ;
; Auto ROM Replacement                                                       ; On                 ; On                 ;
; Auto RAM Replacement                                                       ; On                 ; On                 ;
; Auto Shift Register Replacement                                            ; Auto               ; Auto               ;
; Allow Shift Register Merging across Hierarchies                            ; Auto               ; Auto               ;
; Auto Clock Enable Replacement                                              ; On                 ; On                 ;
; Strict RAM Replacement                                                     ; Off                ; Off                ;
; Allow Synchronous Control Signals                                          ; On                 ; On                 ;
; Force Use of Synchronous Clear Signals                                     ; Off                ; Off                ;
; Auto RAM to Logic Cell Conversion                                          ; Off                ; Off                ;
; Auto Resource Sharing                                                      ; Off                ; Off                ;
; Allow Any RAM Size For Recognition                                         ; Off                ; Off                ;
; Allow Any ROM Size For Recognition                                         ; Off                ; Off                ;
; Allow Any Shift Register Size For Recognition                              ; Off                ; Off                ;
; Use LogicLock Constraints during Resource Balancing                        ; On                 ; On                 ;
; Ignore translate_off and synthesis_off directives                          ; Off                ; Off                ;
; Timing-Driven Synthesis                                                    ; Off                ; Off                ;
; Report Parameter Settings                                                  ; On                 ; On                 ;
; Report Source Assignments                                                  ; On                 ; On                 ;
; Report Connectivity Checks                                                 ; On                 ; On                 ;
; Ignore Maximum Fan-Out Assignments                                         ; Off                ; Off                ;
; Synchronization Register Chain Length                                      ; 2                  ; 2                  ;
; PowerPlay Power Optimization                                               ; Normal compilation ; Normal compilation ;
; HDL message level                                                          ; Level2             ; Level2             ;
; Suppress Register Optimization Related Messages                            ; Off                ; Off                ;
; Number of Removed Registers Reported in Synthesis Report                   ; 5000               ; 5000               ;
; Number of Swept Nodes Reported in Synthesis Report                         ; 5000               ; 5000               ;
; Number of Inverted Registers Reported in Synthesis Report                  ; 100                ; 100                ;
; Clock MUX Protection                                                       ; On                 ; On                 ;
; Auto Gated Clock Conversion                                                ; Off                ; Off                ;
; Block Design Naming                                                        ; Auto               ; Auto               ;
; SDC constraint protection                                                  ; Off                ; Off                ;
; Synthesis Effort                                                           ; Auto               ; Auto               ;
; Shift Register Replacement - Allow Asynchronous Clear Signal               ; On                 ; On                 ;
; Pre-Mapping Resynthesis Optimization                                       ; Off                ; Off                ;
; Analysis & Synthesis Message Level                                         ; Medium             ; Medium             ;
; Disable Register Merging Across Hierarchies                                ; Auto               ; Auto               ;
; Resource Aware Inference For Block RAM                                     ; On                 ; On                 ;
; Synthesis Seed                                                             ; 1                  ; 1                  ;
+----------------------------------------------------------------------------+--------------------+--------------------+


+------------------------------------------+
; Parallel Compilation                     ;
+----------------------------+-------------+
; Processors                 ; Number      ;
+----------------------------+-------------+
; Number detected on machine ; 8           ;
; Maximum allowed            ; 4           ;
;                            ;             ;
; Average used               ; 1.00        ;
; Maximum used               ; 1           ;
;                            ;             ;
; Usage by Processor         ; % Time Used ;
;     1 processor            ; 100.0%      ;
;     2-8 processors         ;   0.0%      ;
+----------------------------+-------------+


+-------------------------------+
; Analysis & Synthesis Messages ;
+-------------------------------+
Info: *******************************************************************
Info: Running Quartus II 64-Bit Analysis & Synthesis
    Info: Version 12.1 Build 243 01/31/2013 Service Pack 1 SJ Web Edition
    Info: Processing started: Wed Sep 25 14:51:19 2019
Info: Command: quartus_map --read_settings_files=on --write_settings_files=off Perudo -c Perudo
Info (11104): Parallel Compilation has detected 8 hyper-threaded processors. However, the extra hyper-threaded processors will not be used by default. Parallel Compilation will use 4 of the 4 physical processors detected instead.
Info (12021): Found 2 design units, including 1 entities, in source file perudo_de1.vhd
    Info (12022): Found design unit 1: Perudo_DE1-RTL
    Info (12023): Found entity 1: Perudo_DE1
Info (12021): Found 2 design units, including 0 entities, in source file perudo_package.vhd
    Info (12022): Found design unit 1: perudo_package
    Info (12022): Found design unit 2: perudo_package-body
Info (12021): Found 2 design units, including 1 entities, in source file perudo_datapath.vhd
    Info (12022): Found design unit 1: Perudo_Datapath-RTL
    Info (12023): Found entity 1: Perudo_Datapath
Info (12021): Found 2 design units, including 1 entities, in source file perudo_controller.vhd
    Info (12022): Found design unit 1: Perudo_Controller-RTL
    Info (12023): Found entity 1: Perudo_Controller
Error (10465): VHDL error at Perudo_Datapath.vhd(32): name "INIZIA_PARTITA" cannot be used because it is already used for a previously declared item File: C:/Users/Simone/Desktop/Io/Università/magistrale/1 Anno/Sistemi Digitali/progettoGitHub/Perudo_FPGA/Perudo_Datapath.vhd Line: 32
Error (10349): VHDL Association List error at Perudo_DE1.vhd(102): formal "ESEGUI_SCOMMESSA_G0" does not exist File: C:/Users/Simone/Desktop/Io/Università/magistrale/1 Anno/Sistemi Digitali/progettoGitHub/Perudo_FPGA/Perudo_DE1.vhd Line: 102
Error (10346): VHDL error at Perudo_DE1.vhd(85): formal port or parameter "ESEGUI_SCOMMESSA_G0" must have actual or default value File: C:/Users/Simone/Desktop/Io/Università/magistrale/1 Anno/Sistemi Digitali/progettoGitHub/Perudo_FPGA/Perudo_DE1.vhd Line: 85
Error (10784): HDL error at Perudo_Datapath.vhd(34): see declaration for object "ESEGUI_SCOMMESSA_G0" File: C:/Users/Simone/Desktop/Io/Università/magistrale/1 Anno/Sistemi Digitali/progettoGitHub/Perudo_FPGA/Perudo_Datapath.vhd Line: 34
Error (10346): VHDL error at Perudo_DE1.vhd(85): formal port or parameter "DADO_SCOMMESSO_G0" must have actual or default value File: C:/Users/Simone/Desktop/Io/Università/magistrale/1 Anno/Sistemi Digitali/progettoGitHub/Perudo_FPGA/Perudo_DE1.vhd Line: 85
Error (10784): HDL error at Perudo_Datapath.vhd(35): see declaration for object "DADO_SCOMMESSO_G0" File: C:/Users/Simone/Desktop/Io/Università/magistrale/1 Anno/Sistemi Digitali/progettoGitHub/Perudo_FPGA/Perudo_Datapath.vhd Line: 35
Error (10346): VHDL error at Perudo_DE1.vhd(85): formal port or parameter "RICORRENZA_G0" must have actual or default value File: C:/Users/Simone/Desktop/Io/Università/magistrale/1 Anno/Sistemi Digitali/progettoGitHub/Perudo_FPGA/Perudo_DE1.vhd Line: 85
Error (10784): HDL error at Perudo_Datapath.vhd(36): see declaration for object "RICORRENZA_G0" File: C:/Users/Simone/Desktop/Io/Università/magistrale/1 Anno/Sistemi Digitali/progettoGitHub/Perudo_FPGA/Perudo_Datapath.vhd Line: 36
Error (10346): VHDL error at Perudo_DE1.vhd(85): formal port or parameter "DAMMI_GIOCATORI_IN_CAMPO" must have actual or default value File: C:/Users/Simone/Desktop/Io/Università/magistrale/1 Anno/Sistemi Digitali/progettoGitHub/Perudo_FPGA/Perudo_DE1.vhd Line: 85
Error (10784): HDL error at Perudo_Datapath.vhd(37): see declaration for object "DAMMI_GIOCATORI_IN_CAMPO" File: C:/Users/Simone/Desktop/Io/Università/magistrale/1 Anno/Sistemi Digitali/progettoGitHub/Perudo_FPGA/Perudo_Datapath.vhd Line: 37
Error (10346): VHDL error at Perudo_DE1.vhd(85): formal port or parameter "DAMMI_SCOMMESSA_CORRENTE" must have actual or default value File: C:/Users/Simone/Desktop/Io/Università/magistrale/1 Anno/Sistemi Digitali/progettoGitHub/Perudo_FPGA/Perudo_DE1.vhd Line: 85
Error (10784): HDL error at Perudo_Datapath.vhd(38): see declaration for object "DAMMI_SCOMMESSA_CORRENTE" File: C:/Users/Simone/Desktop/Io/Università/magistrale/1 Anno/Sistemi Digitali/progettoGitHub/Perudo_FPGA/Perudo_Datapath.vhd Line: 38
Error (10346): VHDL error at Perudo_DE1.vhd(85): formal port or parameter "FINE_PARTITA" must have actual or default value File: C:/Users/Simone/Desktop/Io/Università/magistrale/1 Anno/Sistemi Digitali/progettoGitHub/Perudo_FPGA/Perudo_DE1.vhd Line: 85
Error (10784): HDL error at Perudo_Datapath.vhd(40): see declaration for object "FINE_PARTITA" File: C:/Users/Simone/Desktop/Io/Università/magistrale/1 Anno/Sistemi Digitali/progettoGitHub/Perudo_FPGA/Perudo_Datapath.vhd Line: 40
Error (10346): VHDL error at Perudo_DE1.vhd(85): formal port or parameter "GIOCATORI_IN_CAMPO_OUT" must have actual or default value File: C:/Users/Simone/Desktop/Io/Università/magistrale/1 Anno/Sistemi Digitali/progettoGitHub/Perudo_FPGA/Perudo_DE1.vhd Line: 85
Error (10784): HDL error at Perudo_Datapath.vhd(41): see declaration for object "GIOCATORI_IN_CAMPO_OUT" File: C:/Users/Simone/Desktop/Io/Università/magistrale/1 Anno/Sistemi Digitali/progettoGitHub/Perudo_FPGA/Perudo_Datapath.vhd Line: 41
Error (10346): VHDL error at Perudo_DE1.vhd(85): formal port or parameter "NUMERO_GIOCATORI_IN_CAMPO_OUT" must have actual or default value File: C:/Users/Simone/Desktop/Io/Università/magistrale/1 Anno/Sistemi Digitali/progettoGitHub/Perudo_FPGA/Perudo_DE1.vhd Line: 85
Error (10784): HDL error at Perudo_Datapath.vhd(42): see declaration for object "NUMERO_GIOCATORI_IN_CAMPO_OUT" File: C:/Users/Simone/Desktop/Io/Università/magistrale/1 Anno/Sistemi Digitali/progettoGitHub/Perudo_FPGA/Perudo_Datapath.vhd Line: 42
Error (10346): VHDL error at Perudo_DE1.vhd(85): formal port or parameter "SCOMMESSA_CORRENTE_OUT" must have actual or default value File: C:/Users/Simone/Desktop/Io/Università/magistrale/1 Anno/Sistemi Digitali/progettoGitHub/Perudo_FPGA/Perudo_DE1.vhd Line: 85
Error: Quartus II 64-Bit Analysis & Synthesis was unsuccessful. 19 errors, 0 warnings
    Error: Peak virtual memory: 4640 megabytes
    Error: Processing ended: Wed Sep 25 14:51:23 2019
    Error: Elapsed time: 00:00:04
    Error: Total CPU time (on all processors): 00:00:02


