TimeQuest Timing Analyzer report for Perudo
Fri Sep 27 15:43:22 2019
Quartus II 64-Bit Version 12.1 Build 243 01/31/2013 Service Pack 1 SJ Web Edition


---------------------
; Table of Contents ;
---------------------
  1. Legal Notice
  2. TimeQuest Timing Analyzer Summary
  3. Parallel Compilation
  4. Clocks
  5. Slow Model Fmax Summary
  6. Slow Model Setup Summary
  7. Slow Model Hold Summary
  8. Slow Model Recovery Summary
  9. Slow Model Removal Summary
 10. Slow Model Minimum Pulse Width Summary
 11. Slow Model Setup: 'CLOCK_50'
 12. Slow Model Hold: 'CLOCK_50'
 13. Slow Model Recovery: 'CLOCK_50'
 14. Slow Model Removal: 'CLOCK_50'
 15. Slow Model Minimum Pulse Width: 'CLOCK_50'
 16. Setup Times
 17. Hold Times
 18. Clock to Output Times
 19. Minimum Clock to Output Times
 20. Fast Model Setup Summary
 21. Fast Model Hold Summary
 22. Fast Model Recovery Summary
 23. Fast Model Removal Summary
 24. Fast Model Minimum Pulse Width Summary
 25. Fast Model Setup: 'CLOCK_50'
 26. Fast Model Hold: 'CLOCK_50'
 27. Fast Model Recovery: 'CLOCK_50'
 28. Fast Model Removal: 'CLOCK_50'
 29. Fast Model Minimum Pulse Width: 'CLOCK_50'
 30. Setup Times
 31. Hold Times
 32. Clock to Output Times
 33. Minimum Clock to Output Times
 34. Multicorner Timing Analysis Summary
 35. Setup Times
 36. Hold Times
 37. Clock to Output Times
 38. Minimum Clock to Output Times
 39. Setup Transfers
 40. Hold Transfers
 41. Recovery Transfers
 42. Removal Transfers
 43. Report TCCS
 44. Report RSKM
 45. Unconstrained Paths
 46. TimeQuest Timing Analyzer Messages



----------------
; Legal Notice ;
----------------
Copyright (C) 1991-2012 Altera Corporation
Your use of Altera Corporation's design tools, logic functions 
and other software and tools, and its AMPP partner logic 
functions, and any output files from any of the foregoing 
(including device programming or simulation files), and any 
associated documentation or information are expressly subject 
to the terms and conditions of the Altera Program License 
Subscription Agreement, Altera MegaCore Function License 
Agreement, or other applicable license agreement, including, 
without limitation, that your use is for the sole purpose of 
programming logic devices manufactured by Altera and sold by 
Altera or its authorized distributors.  Please refer to the 
applicable agreement for further details.



+--------------------------------------------------------------------------------------+
; TimeQuest Timing Analyzer Summary                                                    ;
+--------------------+-----------------------------------------------------------------+
; Quartus II Version ; Version 12.1 Build 243 01/31/2013 Service Pack 1 SJ Web Edition ;
; Revision Name      ; Perudo                                                          ;
; Device Family      ; Cyclone II                                                      ;
; Device Name        ; EP2C20F484C7                                                    ;
; Timing Models      ; Final                                                           ;
; Delay Model        ; Combined                                                        ;
; Rise/Fall Delays   ; Unavailable                                                     ;
+--------------------+-----------------------------------------------------------------+


+------------------------------------------+
; Parallel Compilation                     ;
+----------------------------+-------------+
; Processors                 ; Number      ;
+----------------------------+-------------+
; Number detected on machine ; 8           ;
; Maximum allowed            ; 4           ;
;                            ;             ;
; Average used               ; 1.00        ;
; Maximum used               ; 2           ;
;                            ;             ;
; Usage by Processor         ; % Time Used ;
;     1 processor            ; 100.0%      ;
;     2 processors           ; < 0.1%      ;
;     3-8 processors         ;   0.0%      ;
+----------------------------+-------------+


+--------------------------------------------------------------------------------------------------------------------------------------------------------------------------------------+
; Clocks                                                                                                                                                                               ;
+------------+------+--------+------------+-------+-------+------------+-----------+-------------+-------+--------+-----------+------------+----------+--------+--------+--------------+
; Clock Name ; Type ; Period ; Frequency  ; Rise  ; Fall  ; Duty Cycle ; Divide by ; Multiply by ; Phase ; Offset ; Edge List ; Edge Shift ; Inverted ; Master ; Source ; Targets      ;
+------------+------+--------+------------+-------+-------+------------+-----------+-------------+-------+--------+-----------+------------+----------+--------+--------+--------------+
; CLOCK_50   ; Base ; 1.000  ; 1000.0 MHz ; 0.000 ; 0.500 ;            ;           ;             ;       ;        ;           ;            ;          ;        ;        ; { CLOCK_50 } ;
+------------+------+--------+------------+-------+-------+------------+-----------+-------------+-------+--------+-----------+------------+----------+--------+--------+--------------+


+-----------------------------------------------------------------------------------------------------------+
; Slow Model Fmax Summary                                                                                   ;
+------------+-----------------+------------+---------------------------------------------------------------+
; Fmax       ; Restricted Fmax ; Clock Name ; Note                                                          ;
+------------+-----------------+------------+---------------------------------------------------------------+
; 486.85 MHz ; 380.08 MHz      ; CLOCK_50   ; limit due to minimum period restriction (max I/O toggle rate) ;
+------------+-----------------+------------+---------------------------------------------------------------+
This panel reports FMAX for every clock in the design, regardless of the user-specified clock periods.  FMAX is only computed for paths where the source and destination registers or ports are driven by the same clock.  Paths of different clocks, including generated clocks, are ignored.  For paths between a clock and its inversion, FMAX is computed as if the rising and falling edges are scaled along with FMAX, such that the duty cycle (in terms of a percentage) is maintained. Altera recommends that you always use clock constraints and other slack reports for sign-off analysis.


+-----------------------------------+
; Slow Model Setup Summary          ;
+----------+--------+---------------+
; Clock    ; Slack  ; End Point TNS ;
+----------+--------+---------------+
; CLOCK_50 ; -1.054 ; -2.930        ;
+----------+--------+---------------+


+----------------------------------+
; Slow Model Hold Summary          ;
+----------+-------+---------------+
; Clock    ; Slack ; End Point TNS ;
+----------+-------+---------------+
; CLOCK_50 ; 0.445 ; 0.000         ;
+----------+-------+---------------+


+-----------------------------------+
; Slow Model Recovery Summary       ;
+----------+--------+---------------+
; Clock    ; Slack  ; End Point TNS ;
+----------+--------+---------------+
; CLOCK_50 ; -0.437 ; -1.748        ;
+----------+--------+---------------+


+----------------------------------+
; Slow Model Removal Summary       ;
+----------+-------+---------------+
; Clock    ; Slack ; End Point TNS ;
+----------+-------+---------------+
; CLOCK_50 ; 1.189 ; 0.000         ;
+----------+-------+---------------+


+----------------------------------------+
; Slow Model Minimum Pulse Width Summary ;
+----------+--------+--------------------+
; Clock    ; Slack  ; End Point TNS      ;
+----------+--------+--------------------+
; CLOCK_50 ; -1.631 ; -12.629            ;
+----------+--------+--------------------+


+----------------------------------------------------------------------------------------------------------------------------------------------------------------------------------------------------+
; Slow Model Setup: 'CLOCK_50'                                                                                                                                                                       ;
+--------+-----------------------------------------------------------------+---------------------------------------------------+--------------+-------------+--------------+------------+------------+
; Slack  ; From Node                                                       ; To Node                                           ; Launch Clock ; Latch Clock ; Relationship ; Clock Skew ; Data Delay ;
+--------+-----------------------------------------------------------------+---------------------------------------------------+--------------+-------------+--------------+------------+------------+
; -1.054 ; RESET_N                                                         ; Perudo_Controller:controller|pulse1               ; CLOCK_50     ; CLOCK_50    ; 1.000        ; 0.000      ; 2.092      ;
; -1.051 ; RESET_N                                                         ; Perudo_Controller:controller|pulse2               ; CLOCK_50     ; CLOCK_50    ; 1.000        ; 0.000      ; 2.089      ;
; -0.840 ; Perudo_Controller:controller|\Update_State_Controller:next_old  ; Perudo_Controller:controller|pulse2               ; CLOCK_50     ; CLOCK_50    ; 1.000        ; 0.000      ; 1.878      ;
; -0.839 ; Perudo_Controller:controller|\Update_State_Controller:next_old  ; Perudo_Controller:controller|pulse1               ; CLOCK_50     ; CLOCK_50    ; 1.000        ; 0.000      ; 1.877      ;
; -0.661 ; Perudo_Controller:controller|\Update_State_Controller:prev_old  ; Perudo_Controller:controller|pulse2               ; CLOCK_50     ; CLOCK_50    ; 1.000        ; 0.000      ; 1.699      ;
; -0.660 ; Perudo_Controller:controller|\Update_State_Controller:prev_old  ; Perudo_Controller:controller|pulse1               ; CLOCK_50     ; CLOCK_50    ; 1.000        ; 0.000      ; 1.698      ;
; -0.356 ; Perudo_Controller:controller|\Update_State_Controller:next_old  ; Perudo_Controller:controller|initialization_state ; CLOCK_50     ; CLOCK_50    ; 1.000        ; 0.000      ; 1.394      ;
; -0.261 ; Perudo_Controller:controller|initialization_state               ; Perudo_Controller:controller|pulse1               ; CLOCK_50     ; CLOCK_50    ; 1.000        ; 0.000      ; 1.299      ;
; -0.258 ; Perudo_Controller:controller|initialization_state               ; Perudo_Controller:controller|pulse2               ; CLOCK_50     ; CLOCK_50    ; 1.000        ; 0.000      ; 1.296      ;
; -0.236 ; RESET_N                                                         ; Perudo_Controller:controller|stato[0]             ; CLOCK_50     ; CLOCK_50    ; 1.000        ; 0.000      ; 1.274      ;
; -0.233 ; reset_sync_reg                                                  ; RESET_N                                           ; CLOCK_50     ; CLOCK_50    ; 1.000        ; 0.000      ; 1.271      ;
; -0.226 ; Perudo_Controller:controller|\Update_State_Controller:enter_old ; Perudo_Controller:controller|initialization_state ; CLOCK_50     ; CLOCK_50    ; 1.000        ; 0.000      ; 1.264      ;
; -0.177 ; Perudo_Controller:controller|\Update_State_Controller:prev_old  ; Perudo_Controller:controller|initialization_state ; CLOCK_50     ; CLOCK_50    ; 1.000        ; 0.000      ; 1.215      ;
; 0.307  ; Perudo_Controller:controller|pulse1                             ; Perudo_Controller:controller|pulse1               ; CLOCK_50     ; CLOCK_50    ; 1.000        ; 0.000      ; 0.731      ;
; 0.307  ; Perudo_Controller:controller|pulse2                             ; Perudo_Controller:controller|pulse2               ; CLOCK_50     ; CLOCK_50    ; 1.000        ; 0.000      ; 0.731      ;
; 0.307  ; Perudo_Controller:controller|initialization_state               ; Perudo_Controller:controller|initialization_state ; CLOCK_50     ; CLOCK_50    ; 1.000        ; 0.000      ; 0.731      ;
; 0.307  ; Perudo_Controller:controller|stato[0]                           ; Perudo_Controller:controller|stato[0]             ; CLOCK_50     ; CLOCK_50    ; 1.000        ; 0.000      ; 0.731      ;
+--------+-----------------------------------------------------------------+---------------------------------------------------+--------------+-------------+--------------+------------+------------+


+---------------------------------------------------------------------------------------------------------------------------------------------------------------------------------------------------+
; Slow Model Hold: 'CLOCK_50'                                                                                                                                                                       ;
+-------+-----------------------------------------------------------------+---------------------------------------------------+--------------+-------------+--------------+------------+------------+
; Slack ; From Node                                                       ; To Node                                           ; Launch Clock ; Latch Clock ; Relationship ; Clock Skew ; Data Delay ;
+-------+-----------------------------------------------------------------+---------------------------------------------------+--------------+-------------+--------------+------------+------------+
; 0.445 ; Perudo_Controller:controller|initialization_state               ; Perudo_Controller:controller|initialization_state ; CLOCK_50     ; CLOCK_50    ; 0.000        ; 0.000      ; 0.731      ;
; 0.445 ; Perudo_Controller:controller|pulse1                             ; Perudo_Controller:controller|pulse1               ; CLOCK_50     ; CLOCK_50    ; 0.000        ; 0.000      ; 0.731      ;
; 0.445 ; Perudo_Controller:controller|pulse2                             ; Perudo_Controller:controller|pulse2               ; CLOCK_50     ; CLOCK_50    ; 0.000        ; 0.000      ; 0.731      ;
; 0.445 ; Perudo_Controller:controller|stato[0]                           ; Perudo_Controller:controller|stato[0]             ; CLOCK_50     ; CLOCK_50    ; 0.000        ; 0.000      ; 0.731      ;
; 0.929 ; Perudo_Controller:controller|\Update_State_Controller:prev_old  ; Perudo_Controller:controller|initialization_state ; CLOCK_50     ; CLOCK_50    ; 0.000        ; 0.000      ; 1.215      ;
; 0.978 ; Perudo_Controller:controller|\Update_State_Controller:enter_old ; Perudo_Controller:controller|initialization_state ; CLOCK_50     ; CLOCK_50    ; 0.000        ; 0.000      ; 1.264      ;
; 0.985 ; reset_sync_reg                                                  ; RESET_N                                           ; CLOCK_50     ; CLOCK_50    ; 0.000        ; 0.000      ; 1.271      ;
; 0.988 ; RESET_N                                                         ; Perudo_Controller:controller|stato[0]             ; CLOCK_50     ; CLOCK_50    ; 0.000        ; 0.000      ; 1.274      ;
; 1.010 ; Perudo_Controller:controller|initialization_state               ; Perudo_Controller:controller|pulse2               ; CLOCK_50     ; CLOCK_50    ; 0.000        ; 0.000      ; 1.296      ;
; 1.013 ; Perudo_Controller:controller|initialization_state               ; Perudo_Controller:controller|pulse1               ; CLOCK_50     ; CLOCK_50    ; 0.000        ; 0.000      ; 1.299      ;
; 1.108 ; Perudo_Controller:controller|\Update_State_Controller:next_old  ; Perudo_Controller:controller|initialization_state ; CLOCK_50     ; CLOCK_50    ; 0.000        ; 0.000      ; 1.394      ;
; 1.277 ; RESET_N                                                         ; Perudo_Controller:controller|pulse1               ; CLOCK_50     ; CLOCK_50    ; 0.000        ; 0.000      ; 1.563      ;
; 1.278 ; RESET_N                                                         ; Perudo_Controller:controller|pulse2               ; CLOCK_50     ; CLOCK_50    ; 0.000        ; 0.000      ; 1.564      ;
; 1.412 ; Perudo_Controller:controller|\Update_State_Controller:prev_old  ; Perudo_Controller:controller|pulse1               ; CLOCK_50     ; CLOCK_50    ; 0.000        ; 0.000      ; 1.698      ;
; 1.413 ; Perudo_Controller:controller|\Update_State_Controller:prev_old  ; Perudo_Controller:controller|pulse2               ; CLOCK_50     ; CLOCK_50    ; 0.000        ; 0.000      ; 1.699      ;
; 1.440 ; Perudo_Controller:controller|\Update_State_Controller:next_old  ; Perudo_Controller:controller|pulse2               ; CLOCK_50     ; CLOCK_50    ; 0.000        ; 0.000      ; 1.726      ;
; 1.443 ; Perudo_Controller:controller|\Update_State_Controller:next_old  ; Perudo_Controller:controller|pulse1               ; CLOCK_50     ; CLOCK_50    ; 0.000        ; 0.000      ; 1.729      ;
+-------+-----------------------------------------------------------------+---------------------------------------------------+--------------+-------------+--------------+------------+------------+


+------------------------------------------------------------------------------------------------------------------------------------------------------------+
; Slow Model Recovery: 'CLOCK_50'                                                                                                                            ;
+--------+-----------+-----------------------------------------------------------------+--------------+-------------+--------------+------------+------------+
; Slack  ; From Node ; To Node                                                         ; Launch Clock ; Latch Clock ; Relationship ; Clock Skew ; Data Delay ;
+--------+-----------+-----------------------------------------------------------------+--------------+-------------+--------------+------------+------------+
; -0.437 ; RESET_N   ; Perudo_Controller:controller|\Update_State_Controller:next_old  ; CLOCK_50     ; CLOCK_50    ; 1.000        ; 0.000      ; 1.475      ;
; -0.437 ; RESET_N   ; Perudo_Controller:controller|\Update_State_Controller:prev_old  ; CLOCK_50     ; CLOCK_50    ; 1.000        ; 0.000      ; 1.475      ;
; -0.437 ; RESET_N   ; Perudo_Controller:controller|\Update_State_Controller:enter_old ; CLOCK_50     ; CLOCK_50    ; 1.000        ; 0.000      ; 1.475      ;
; -0.437 ; RESET_N   ; Perudo_Controller:controller|initialization_state               ; CLOCK_50     ; CLOCK_50    ; 1.000        ; 0.000      ; 1.475      ;
+--------+-----------+-----------------------------------------------------------------+--------------+-------------+--------------+------------+------------+


+-----------------------------------------------------------------------------------------------------------------------------------------------------------+
; Slow Model Removal: 'CLOCK_50'                                                                                                                            ;
+-------+-----------+-----------------------------------------------------------------+--------------+-------------+--------------+------------+------------+
; Slack ; From Node ; To Node                                                         ; Launch Clock ; Latch Clock ; Relationship ; Clock Skew ; Data Delay ;
+-------+-----------+-----------------------------------------------------------------+--------------+-------------+--------------+------------+------------+
; 1.189 ; RESET_N   ; Perudo_Controller:controller|\Update_State_Controller:next_old  ; CLOCK_50     ; CLOCK_50    ; 0.000        ; 0.000      ; 1.475      ;
; 1.189 ; RESET_N   ; Perudo_Controller:controller|\Update_State_Controller:prev_old  ; CLOCK_50     ; CLOCK_50    ; 0.000        ; 0.000      ; 1.475      ;
; 1.189 ; RESET_N   ; Perudo_Controller:controller|\Update_State_Controller:enter_old ; CLOCK_50     ; CLOCK_50    ; 0.000        ; 0.000      ; 1.475      ;
; 1.189 ; RESET_N   ; Perudo_Controller:controller|initialization_state               ; CLOCK_50     ; CLOCK_50    ; 0.000        ; 0.000      ; 1.475      ;
+-------+-----------+-----------------------------------------------------------------+--------------+-------------+--------------+------------+------------+


+-----------------------------------------------------------------------------------------------------------------------------------------------------+
; Slow Model Minimum Pulse Width: 'CLOCK_50'                                                                                                          ;
+--------+--------------+----------------+------------------+----------+------------+-----------------------------------------------------------------+
; Slack  ; Actual Width ; Required Width ; Type             ; Clock    ; Clock Edge ; Target                                                          ;
+--------+--------------+----------------+------------------+----------+------------+-----------------------------------------------------------------+
; -1.631 ; 1.000        ; 2.631          ; Port Rate        ; CLOCK_50 ; Rise       ; CLOCK_50                                                        ;
; -0.611 ; 0.500        ; 1.111          ; High Pulse Width ; CLOCK_50 ; Rise       ; Perudo_Controller:controller|\Update_State_Controller:enter_old ;
; -0.611 ; 0.500        ; 1.111          ; Low Pulse Width  ; CLOCK_50 ; Rise       ; Perudo_Controller:controller|\Update_State_Controller:enter_old ;
; -0.611 ; 0.500        ; 1.111          ; High Pulse Width ; CLOCK_50 ; Rise       ; Perudo_Controller:controller|\Update_State_Controller:next_old  ;
; -0.611 ; 0.500        ; 1.111          ; Low Pulse Width  ; CLOCK_50 ; Rise       ; Perudo_Controller:controller|\Update_State_Controller:next_old  ;
; -0.611 ; 0.500        ; 1.111          ; High Pulse Width ; CLOCK_50 ; Rise       ; Perudo_Controller:controller|\Update_State_Controller:prev_old  ;
; -0.611 ; 0.500        ; 1.111          ; Low Pulse Width  ; CLOCK_50 ; Rise       ; Perudo_Controller:controller|\Update_State_Controller:prev_old  ;
; -0.611 ; 0.500        ; 1.111          ; High Pulse Width ; CLOCK_50 ; Rise       ; Perudo_Controller:controller|initialization_state               ;
; -0.611 ; 0.500        ; 1.111          ; Low Pulse Width  ; CLOCK_50 ; Rise       ; Perudo_Controller:controller|initialization_state               ;
; -0.611 ; 0.500        ; 1.111          ; High Pulse Width ; CLOCK_50 ; Rise       ; Perudo_Controller:controller|pulse1                             ;
; -0.611 ; 0.500        ; 1.111          ; Low Pulse Width  ; CLOCK_50 ; Rise       ; Perudo_Controller:controller|pulse1                             ;
; -0.611 ; 0.500        ; 1.111          ; High Pulse Width ; CLOCK_50 ; Rise       ; Perudo_Controller:controller|pulse2                             ;
; -0.611 ; 0.500        ; 1.111          ; Low Pulse Width  ; CLOCK_50 ; Rise       ; Perudo_Controller:controller|pulse2                             ;
; -0.611 ; 0.500        ; 1.111          ; High Pulse Width ; CLOCK_50 ; Rise       ; Perudo_Controller:controller|stato[0]                           ;
; -0.611 ; 0.500        ; 1.111          ; Low Pulse Width  ; CLOCK_50 ; Rise       ; Perudo_Controller:controller|stato[0]                           ;
; -0.611 ; 0.500        ; 1.111          ; High Pulse Width ; CLOCK_50 ; Rise       ; RESET_N                                                         ;
; -0.611 ; 0.500        ; 1.111          ; Low Pulse Width  ; CLOCK_50 ; Rise       ; RESET_N                                                         ;
; -0.611 ; 0.500        ; 1.111          ; High Pulse Width ; CLOCK_50 ; Rise       ; reset_sync_reg                                                  ;
; -0.611 ; 0.500        ; 1.111          ; Low Pulse Width  ; CLOCK_50 ; Rise       ; reset_sync_reg                                                  ;
; 0.500  ; 0.500        ; 0.000          ; High Pulse Width ; CLOCK_50 ; Rise       ; CLOCK_50|combout                                                ;
; 0.500  ; 0.500        ; 0.000          ; Low Pulse Width  ; CLOCK_50 ; Rise       ; CLOCK_50|combout                                                ;
; 0.500  ; 0.500        ; 0.000          ; High Pulse Width ; CLOCK_50 ; Rise       ; CLOCK_50~clkctrl|inclk[0]                                       ;
; 0.500  ; 0.500        ; 0.000          ; Low Pulse Width  ; CLOCK_50 ; Rise       ; CLOCK_50~clkctrl|inclk[0]                                       ;
; 0.500  ; 0.500        ; 0.000          ; High Pulse Width ; CLOCK_50 ; Rise       ; CLOCK_50~clkctrl|outclk                                         ;
; 0.500  ; 0.500        ; 0.000          ; Low Pulse Width  ; CLOCK_50 ; Rise       ; CLOCK_50~clkctrl|outclk                                         ;
; 0.500  ; 0.500        ; 0.000          ; High Pulse Width ; CLOCK_50 ; Rise       ; RESET_N|clk                                                     ;
; 0.500  ; 0.500        ; 0.000          ; Low Pulse Width  ; CLOCK_50 ; Rise       ; RESET_N|clk                                                     ;
; 0.500  ; 0.500        ; 0.000          ; High Pulse Width ; CLOCK_50 ; Rise       ; controller|\Update_State_Controller:enter_old|clk               ;
; 0.500  ; 0.500        ; 0.000          ; Low Pulse Width  ; CLOCK_50 ; Rise       ; controller|\Update_State_Controller:enter_old|clk               ;
; 0.500  ; 0.500        ; 0.000          ; High Pulse Width ; CLOCK_50 ; Rise       ; controller|\Update_State_Controller:next_old|clk                ;
; 0.500  ; 0.500        ; 0.000          ; Low Pulse Width  ; CLOCK_50 ; Rise       ; controller|\Update_State_Controller:next_old|clk                ;
; 0.500  ; 0.500        ; 0.000          ; High Pulse Width ; CLOCK_50 ; Rise       ; controller|\Update_State_Controller:prev_old|clk                ;
; 0.500  ; 0.500        ; 0.000          ; Low Pulse Width  ; CLOCK_50 ; Rise       ; controller|\Update_State_Controller:prev_old|clk                ;
; 0.500  ; 0.500        ; 0.000          ; High Pulse Width ; CLOCK_50 ; Rise       ; controller|initialization_state|clk                             ;
; 0.500  ; 0.500        ; 0.000          ; Low Pulse Width  ; CLOCK_50 ; Rise       ; controller|initialization_state|clk                             ;
; 0.500  ; 0.500        ; 0.000          ; High Pulse Width ; CLOCK_50 ; Rise       ; controller|pulse1|clk                                           ;
; 0.500  ; 0.500        ; 0.000          ; Low Pulse Width  ; CLOCK_50 ; Rise       ; controller|pulse1|clk                                           ;
; 0.500  ; 0.500        ; 0.000          ; High Pulse Width ; CLOCK_50 ; Rise       ; controller|pulse2|clk                                           ;
; 0.500  ; 0.500        ; 0.000          ; Low Pulse Width  ; CLOCK_50 ; Rise       ; controller|pulse2|clk                                           ;
; 0.500  ; 0.500        ; 0.000          ; High Pulse Width ; CLOCK_50 ; Rise       ; controller|stato[0]|clk                                         ;
; 0.500  ; 0.500        ; 0.000          ; Low Pulse Width  ; CLOCK_50 ; Rise       ; controller|stato[0]|clk                                         ;
; 0.500  ; 0.500        ; 0.000          ; High Pulse Width ; CLOCK_50 ; Rise       ; reset_sync_reg|clk                                              ;
; 0.500  ; 0.500        ; 0.000          ; Low Pulse Width  ; CLOCK_50 ; Rise       ; reset_sync_reg|clk                                              ;
+--------+--------------+----------------+------------------+----------+------------+-----------------------------------------------------------------+


+-----------------------------------------------------------------------+
; Setup Times                                                           ;
+-----------+------------+-------+-------+------------+-----------------+
; Data Port ; Clock Port ; Rise  ; Fall  ; Clock Edge ; Clock Reference ;
+-----------+------------+-------+-------+------------+-----------------+
; KEY[*]    ; CLOCK_50   ; 4.468 ; 4.468 ; Rise       ; CLOCK_50        ;
;  KEY[1]   ; CLOCK_50   ; 3.818 ; 3.818 ; Rise       ; CLOCK_50        ;
;  KEY[2]   ; CLOCK_50   ; 4.411 ; 4.411 ; Rise       ; CLOCK_50        ;
;  KEY[3]   ; CLOCK_50   ; 4.468 ; 4.468 ; Rise       ; CLOCK_50        ;
; SW[*]     ; CLOCK_50   ; 0.718 ; 0.718 ; Rise       ; CLOCK_50        ;
;  SW[9]    ; CLOCK_50   ; 0.718 ; 0.718 ; Rise       ; CLOCK_50        ;
+-----------+------------+-------+-------+------------+-----------------+


+-------------------------------------------------------------------------+
; Hold Times                                                              ;
+-----------+------------+--------+--------+------------+-----------------+
; Data Port ; Clock Port ; Rise   ; Fall   ; Clock Edge ; Clock Reference ;
+-----------+------------+--------+--------+------------+-----------------+
; KEY[*]    ; CLOCK_50   ; -2.997 ; -2.997 ; Rise       ; CLOCK_50        ;
;  KEY[1]   ; CLOCK_50   ; -3.332 ; -3.332 ; Rise       ; CLOCK_50        ;
;  KEY[2]   ; CLOCK_50   ; -2.997 ; -2.997 ; Rise       ; CLOCK_50        ;
;  KEY[3]   ; CLOCK_50   ; -3.489 ; -3.489 ; Rise       ; CLOCK_50        ;
; SW[*]     ; CLOCK_50   ; -0.470 ; -0.470 ; Rise       ; CLOCK_50        ;
;  SW[9]    ; CLOCK_50   ; -0.470 ; -0.470 ; Rise       ; CLOCK_50        ;
+-----------+------------+--------+--------+------------+-----------------+


+-----------------------------------------------------------------------+
; Clock to Output Times                                                 ;
+-----------+------------+-------+-------+------------+-----------------+
; Data Port ; Clock Port ; Rise  ; Fall  ; Clock Edge ; Clock Reference ;
+-----------+------------+-------+-------+------------+-----------------+
; LEDG[*]   ; CLOCK_50   ; 6.918 ; 6.918 ; Rise       ; CLOCK_50        ;
;  LEDG[0]  ; CLOCK_50   ; 6.918 ; 6.918 ; Rise       ; CLOCK_50        ;
; LEDR[*]   ; CLOCK_50   ; 6.897 ; 6.897 ; Rise       ; CLOCK_50        ;
;  LEDR[0]  ; CLOCK_50   ; 6.897 ; 6.897 ; Rise       ; CLOCK_50        ;
;  LEDR[1]  ; CLOCK_50   ; 6.883 ; 6.883 ; Rise       ; CLOCK_50        ;
+-----------+------------+-------+-------+------------+-----------------+


+-----------------------------------------------------------------------+
; Minimum Clock to Output Times                                         ;
+-----------+------------+-------+-------+------------+-----------------+
; Data Port ; Clock Port ; Rise  ; Fall  ; Clock Edge ; Clock Reference ;
+-----------+------------+-------+-------+------------+-----------------+
; LEDG[*]   ; CLOCK_50   ; 6.918 ; 6.918 ; Rise       ; CLOCK_50        ;
;  LEDG[0]  ; CLOCK_50   ; 6.918 ; 6.918 ; Rise       ; CLOCK_50        ;
; LEDR[*]   ; CLOCK_50   ; 6.883 ; 6.883 ; Rise       ; CLOCK_50        ;
;  LEDR[0]  ; CLOCK_50   ; 6.897 ; 6.897 ; Rise       ; CLOCK_50        ;
;  LEDR[1]  ; CLOCK_50   ; 6.883 ; 6.883 ; Rise       ; CLOCK_50        ;
+-----------+------------+-------+-------+------------+-----------------+


+----------------------------------+
; Fast Model Setup Summary         ;
+----------+-------+---------------+
; Clock    ; Slack ; End Point TNS ;
+----------+-------+---------------+
; CLOCK_50 ; 0.214 ; 0.000         ;
+----------+-------+---------------+


+----------------------------------+
; Fast Model Hold Summary          ;
+----------+-------+---------------+
; Clock    ; Slack ; End Point TNS ;
+----------+-------+---------------+
; CLOCK_50 ; 0.215 ; 0.000         ;
+----------+-------+---------------+


+----------------------------------+
; Fast Model Recovery Summary      ;
+----------+-------+---------------+
; Clock    ; Slack ; End Point TNS ;
+----------+-------+---------------+
; CLOCK_50 ; 0.286 ; 0.000         ;
+----------+-------+---------------+


+----------------------------------+
; Fast Model Removal Summary       ;
+----------+-------+---------------+
; Clock    ; Slack ; End Point TNS ;
+----------+-------+---------------+
; CLOCK_50 ; 0.594 ; 0.000         ;
+----------+-------+---------------+


+----------------------------------------+
; Fast Model Minimum Pulse Width Summary ;
+----------+--------+--------------------+
; Clock    ; Slack  ; End Point TNS      ;
+----------+--------+--------------------+
; CLOCK_50 ; -1.380 ; -10.380            ;
+----------+--------+--------------------+


+---------------------------------------------------------------------------------------------------------------------------------------------------------------------------------------------------+
; Fast Model Setup: 'CLOCK_50'                                                                                                                                                                      ;
+-------+-----------------------------------------------------------------+---------------------------------------------------+--------------+-------------+--------------+------------+------------+
; Slack ; From Node                                                       ; To Node                                           ; Launch Clock ; Latch Clock ; Relationship ; Clock Skew ; Data Delay ;
+-------+-----------------------------------------------------------------+---------------------------------------------------+--------------+-------------+--------------+------------+------------+
; 0.214 ; RESET_N                                                         ; Perudo_Controller:controller|pulse1               ; CLOCK_50     ; CLOCK_50    ; 1.000        ; 0.000      ; 0.818      ;
; 0.220 ; RESET_N                                                         ; Perudo_Controller:controller|pulse2               ; CLOCK_50     ; CLOCK_50    ; 1.000        ; 0.000      ; 0.812      ;
; 0.291 ; Perudo_Controller:controller|\Update_State_Controller:next_old  ; Perudo_Controller:controller|pulse1               ; CLOCK_50     ; CLOCK_50    ; 1.000        ; 0.000      ; 0.741      ;
; 0.291 ; Perudo_Controller:controller|\Update_State_Controller:next_old  ; Perudo_Controller:controller|pulse2               ; CLOCK_50     ; CLOCK_50    ; 1.000        ; 0.000      ; 0.741      ;
; 0.320 ; Perudo_Controller:controller|\Update_State_Controller:prev_old  ; Perudo_Controller:controller|pulse1               ; CLOCK_50     ; CLOCK_50    ; 1.000        ; 0.000      ; 0.712      ;
; 0.320 ; Perudo_Controller:controller|\Update_State_Controller:prev_old  ; Perudo_Controller:controller|pulse2               ; CLOCK_50     ; CLOCK_50    ; 1.000        ; 0.000      ; 0.712      ;
; 0.464 ; Perudo_Controller:controller|\Update_State_Controller:next_old  ; Perudo_Controller:controller|initialization_state ; CLOCK_50     ; CLOCK_50    ; 1.000        ; 0.000      ; 0.568      ;
; 0.476 ; reset_sync_reg                                                  ; RESET_N                                           ; CLOCK_50     ; CLOCK_50    ; 1.000        ; 0.000      ; 0.556      ;
; 0.493 ; Perudo_Controller:controller|\Update_State_Controller:prev_old  ; Perudo_Controller:controller|initialization_state ; CLOCK_50     ; CLOCK_50    ; 1.000        ; 0.000      ; 0.539      ;
; 0.508 ; Perudo_Controller:controller|initialization_state               ; Perudo_Controller:controller|pulse1               ; CLOCK_50     ; CLOCK_50    ; 1.000        ; 0.000      ; 0.524      ;
; 0.510 ; RESET_N                                                         ; Perudo_Controller:controller|stato[0]             ; CLOCK_50     ; CLOCK_50    ; 1.000        ; 0.000      ; 0.522      ;
; 0.511 ; Perudo_Controller:controller|initialization_state               ; Perudo_Controller:controller|pulse2               ; CLOCK_50     ; CLOCK_50    ; 1.000        ; 0.000      ; 0.521      ;
; 0.516 ; Perudo_Controller:controller|\Update_State_Controller:enter_old ; Perudo_Controller:controller|initialization_state ; CLOCK_50     ; CLOCK_50    ; 1.000        ; 0.000      ; 0.516      ;
; 0.665 ; Perudo_Controller:controller|pulse1                             ; Perudo_Controller:controller|pulse1               ; CLOCK_50     ; CLOCK_50    ; 1.000        ; 0.000      ; 0.367      ;
; 0.665 ; Perudo_Controller:controller|pulse2                             ; Perudo_Controller:controller|pulse2               ; CLOCK_50     ; CLOCK_50    ; 1.000        ; 0.000      ; 0.367      ;
; 0.665 ; Perudo_Controller:controller|initialization_state               ; Perudo_Controller:controller|initialization_state ; CLOCK_50     ; CLOCK_50    ; 1.000        ; 0.000      ; 0.367      ;
; 0.665 ; Perudo_Controller:controller|stato[0]                           ; Perudo_Controller:controller|stato[0]             ; CLOCK_50     ; CLOCK_50    ; 1.000        ; 0.000      ; 0.367      ;
+-------+-----------------------------------------------------------------+---------------------------------------------------+--------------+-------------+--------------+------------+------------+


+---------------------------------------------------------------------------------------------------------------------------------------------------------------------------------------------------+
; Fast Model Hold: 'CLOCK_50'                                                                                                                                                                       ;
+-------+-----------------------------------------------------------------+---------------------------------------------------+--------------+-------------+--------------+------------+------------+
; Slack ; From Node                                                       ; To Node                                           ; Launch Clock ; Latch Clock ; Relationship ; Clock Skew ; Data Delay ;
+-------+-----------------------------------------------------------------+---------------------------------------------------+--------------+-------------+--------------+------------+------------+
; 0.215 ; Perudo_Controller:controller|initialization_state               ; Perudo_Controller:controller|initialization_state ; CLOCK_50     ; CLOCK_50    ; 0.000        ; 0.000      ; 0.367      ;
; 0.215 ; Perudo_Controller:controller|pulse1                             ; Perudo_Controller:controller|pulse1               ; CLOCK_50     ; CLOCK_50    ; 0.000        ; 0.000      ; 0.367      ;
; 0.215 ; Perudo_Controller:controller|pulse2                             ; Perudo_Controller:controller|pulse2               ; CLOCK_50     ; CLOCK_50    ; 0.000        ; 0.000      ; 0.367      ;
; 0.215 ; Perudo_Controller:controller|stato[0]                           ; Perudo_Controller:controller|stato[0]             ; CLOCK_50     ; CLOCK_50    ; 0.000        ; 0.000      ; 0.367      ;
; 0.364 ; Perudo_Controller:controller|\Update_State_Controller:enter_old ; Perudo_Controller:controller|initialization_state ; CLOCK_50     ; CLOCK_50    ; 0.000        ; 0.000      ; 0.516      ;
; 0.369 ; Perudo_Controller:controller|initialization_state               ; Perudo_Controller:controller|pulse2               ; CLOCK_50     ; CLOCK_50    ; 0.000        ; 0.000      ; 0.521      ;
; 0.370 ; RESET_N                                                         ; Perudo_Controller:controller|stato[0]             ; CLOCK_50     ; CLOCK_50    ; 0.000        ; 0.000      ; 0.522      ;
; 0.372 ; Perudo_Controller:controller|initialization_state               ; Perudo_Controller:controller|pulse1               ; CLOCK_50     ; CLOCK_50    ; 0.000        ; 0.000      ; 0.524      ;
; 0.387 ; Perudo_Controller:controller|\Update_State_Controller:prev_old  ; Perudo_Controller:controller|initialization_state ; CLOCK_50     ; CLOCK_50    ; 0.000        ; 0.000      ; 0.539      ;
; 0.404 ; reset_sync_reg                                                  ; RESET_N                                           ; CLOCK_50     ; CLOCK_50    ; 0.000        ; 0.000      ; 0.556      ;
; 0.416 ; Perudo_Controller:controller|\Update_State_Controller:next_old  ; Perudo_Controller:controller|initialization_state ; CLOCK_50     ; CLOCK_50    ; 0.000        ; 0.000      ; 0.568      ;
; 0.504 ; RESET_N                                                         ; Perudo_Controller:controller|pulse1               ; CLOCK_50     ; CLOCK_50    ; 0.000        ; 0.000      ; 0.656      ;
; 0.504 ; RESET_N                                                         ; Perudo_Controller:controller|pulse2               ; CLOCK_50     ; CLOCK_50    ; 0.000        ; 0.000      ; 0.656      ;
; 0.526 ; Perudo_Controller:controller|\Update_State_Controller:next_old  ; Perudo_Controller:controller|pulse2               ; CLOCK_50     ; CLOCK_50    ; 0.000        ; 0.000      ; 0.678      ;
; 0.532 ; Perudo_Controller:controller|\Update_State_Controller:next_old  ; Perudo_Controller:controller|pulse1               ; CLOCK_50     ; CLOCK_50    ; 0.000        ; 0.000      ; 0.684      ;
; 0.560 ; Perudo_Controller:controller|\Update_State_Controller:prev_old  ; Perudo_Controller:controller|pulse1               ; CLOCK_50     ; CLOCK_50    ; 0.000        ; 0.000      ; 0.712      ;
; 0.560 ; Perudo_Controller:controller|\Update_State_Controller:prev_old  ; Perudo_Controller:controller|pulse2               ; CLOCK_50     ; CLOCK_50    ; 0.000        ; 0.000      ; 0.712      ;
+-------+-----------------------------------------------------------------+---------------------------------------------------+--------------+-------------+--------------+------------+------------+


+-----------------------------------------------------------------------------------------------------------------------------------------------------------+
; Fast Model Recovery: 'CLOCK_50'                                                                                                                           ;
+-------+-----------+-----------------------------------------------------------------+--------------+-------------+--------------+------------+------------+
; Slack ; From Node ; To Node                                                         ; Launch Clock ; Latch Clock ; Relationship ; Clock Skew ; Data Delay ;
+-------+-----------+-----------------------------------------------------------------+--------------+-------------+--------------+------------+------------+
; 0.286 ; RESET_N   ; Perudo_Controller:controller|\Update_State_Controller:next_old  ; CLOCK_50     ; CLOCK_50    ; 1.000        ; 0.000      ; 0.746      ;
; 0.286 ; RESET_N   ; Perudo_Controller:controller|\Update_State_Controller:prev_old  ; CLOCK_50     ; CLOCK_50    ; 1.000        ; 0.000      ; 0.746      ;
; 0.286 ; RESET_N   ; Perudo_Controller:controller|\Update_State_Controller:enter_old ; CLOCK_50     ; CLOCK_50    ; 1.000        ; 0.000      ; 0.746      ;
; 0.286 ; RESET_N   ; Perudo_Controller:controller|initialization_state               ; CLOCK_50     ; CLOCK_50    ; 1.000        ; 0.000      ; 0.746      ;
+-------+-----------+-----------------------------------------------------------------+--------------+-------------+--------------+------------+------------+


+-----------------------------------------------------------------------------------------------------------------------------------------------------------+
; Fast Model Removal: 'CLOCK_50'                                                                                                                            ;
+-------+-----------+-----------------------------------------------------------------+--------------+-------------+--------------+------------+------------+
; Slack ; From Node ; To Node                                                         ; Launch Clock ; Latch Clock ; Relationship ; Clock Skew ; Data Delay ;
+-------+-----------+-----------------------------------------------------------------+--------------+-------------+--------------+------------+------------+
; 0.594 ; RESET_N   ; Perudo_Controller:controller|\Update_State_Controller:next_old  ; CLOCK_50     ; CLOCK_50    ; 0.000        ; 0.000      ; 0.746      ;
; 0.594 ; RESET_N   ; Perudo_Controller:controller|\Update_State_Controller:prev_old  ; CLOCK_50     ; CLOCK_50    ; 0.000        ; 0.000      ; 0.746      ;
; 0.594 ; RESET_N   ; Perudo_Controller:controller|\Update_State_Controller:enter_old ; CLOCK_50     ; CLOCK_50    ; 0.000        ; 0.000      ; 0.746      ;
; 0.594 ; RESET_N   ; Perudo_Controller:controller|initialization_state               ; CLOCK_50     ; CLOCK_50    ; 0.000        ; 0.000      ; 0.746      ;
+-------+-----------+-----------------------------------------------------------------+--------------+-------------+--------------+------------+------------+


+-----------------------------------------------------------------------------------------------------------------------------------------------------+
; Fast Model Minimum Pulse Width: 'CLOCK_50'                                                                                                          ;
+--------+--------------+----------------+------------------+----------+------------+-----------------------------------------------------------------+
; Slack  ; Actual Width ; Required Width ; Type             ; Clock    ; Clock Edge ; Target                                                          ;
+--------+--------------+----------------+------------------+----------+------------+-----------------------------------------------------------------+
; -1.380 ; 1.000        ; 2.380          ; Port Rate        ; CLOCK_50 ; Rise       ; CLOCK_50                                                        ;
; -0.500 ; 0.500        ; 1.000          ; High Pulse Width ; CLOCK_50 ; Rise       ; Perudo_Controller:controller|\Update_State_Controller:enter_old ;
; -0.500 ; 0.500        ; 1.000          ; Low Pulse Width  ; CLOCK_50 ; Rise       ; Perudo_Controller:controller|\Update_State_Controller:enter_old ;
; -0.500 ; 0.500        ; 1.000          ; High Pulse Width ; CLOCK_50 ; Rise       ; Perudo_Controller:controller|\Update_State_Controller:next_old  ;
; -0.500 ; 0.500        ; 1.000          ; Low Pulse Width  ; CLOCK_50 ; Rise       ; Perudo_Controller:controller|\Update_State_Controller:next_old  ;
; -0.500 ; 0.500        ; 1.000          ; High Pulse Width ; CLOCK_50 ; Rise       ; Perudo_Controller:controller|\Update_State_Controller:prev_old  ;
; -0.500 ; 0.500        ; 1.000          ; Low Pulse Width  ; CLOCK_50 ; Rise       ; Perudo_Controller:controller|\Update_State_Controller:prev_old  ;
; -0.500 ; 0.500        ; 1.000          ; High Pulse Width ; CLOCK_50 ; Rise       ; Perudo_Controller:controller|initialization_state               ;
; -0.500 ; 0.500        ; 1.000          ; Low Pulse Width  ; CLOCK_50 ; Rise       ; Perudo_Controller:controller|initialization_state               ;
; -0.500 ; 0.500        ; 1.000          ; High Pulse Width ; CLOCK_50 ; Rise       ; Perudo_Controller:controller|pulse1                             ;
; -0.500 ; 0.500        ; 1.000          ; Low Pulse Width  ; CLOCK_50 ; Rise       ; Perudo_Controller:controller|pulse1                             ;
; -0.500 ; 0.500        ; 1.000          ; High Pulse Width ; CLOCK_50 ; Rise       ; Perudo_Controller:controller|pulse2                             ;
; -0.500 ; 0.500        ; 1.000          ; Low Pulse Width  ; CLOCK_50 ; Rise       ; Perudo_Controller:controller|pulse2                             ;
; -0.500 ; 0.500        ; 1.000          ; High Pulse Width ; CLOCK_50 ; Rise       ; Perudo_Controller:controller|stato[0]                           ;
; -0.500 ; 0.500        ; 1.000          ; Low Pulse Width  ; CLOCK_50 ; Rise       ; Perudo_Controller:controller|stato[0]                           ;
; -0.500 ; 0.500        ; 1.000          ; High Pulse Width ; CLOCK_50 ; Rise       ; RESET_N                                                         ;
; -0.500 ; 0.500        ; 1.000          ; Low Pulse Width  ; CLOCK_50 ; Rise       ; RESET_N                                                         ;
; -0.500 ; 0.500        ; 1.000          ; High Pulse Width ; CLOCK_50 ; Rise       ; reset_sync_reg                                                  ;
; -0.500 ; 0.500        ; 1.000          ; Low Pulse Width  ; CLOCK_50 ; Rise       ; reset_sync_reg                                                  ;
; 0.500  ; 0.500        ; 0.000          ; High Pulse Width ; CLOCK_50 ; Rise       ; CLOCK_50|combout                                                ;
; 0.500  ; 0.500        ; 0.000          ; Low Pulse Width  ; CLOCK_50 ; Rise       ; CLOCK_50|combout                                                ;
; 0.500  ; 0.500        ; 0.000          ; High Pulse Width ; CLOCK_50 ; Rise       ; CLOCK_50~clkctrl|inclk[0]                                       ;
; 0.500  ; 0.500        ; 0.000          ; Low Pulse Width  ; CLOCK_50 ; Rise       ; CLOCK_50~clkctrl|inclk[0]                                       ;
; 0.500  ; 0.500        ; 0.000          ; High Pulse Width ; CLOCK_50 ; Rise       ; CLOCK_50~clkctrl|outclk                                         ;
; 0.500  ; 0.500        ; 0.000          ; Low Pulse Width  ; CLOCK_50 ; Rise       ; CLOCK_50~clkctrl|outclk                                         ;
; 0.500  ; 0.500        ; 0.000          ; High Pulse Width ; CLOCK_50 ; Rise       ; RESET_N|clk                                                     ;
; 0.500  ; 0.500        ; 0.000          ; Low Pulse Width  ; CLOCK_50 ; Rise       ; RESET_N|clk                                                     ;
; 0.500  ; 0.500        ; 0.000          ; High Pulse Width ; CLOCK_50 ; Rise       ; controller|\Update_State_Controller:enter_old|clk               ;
; 0.500  ; 0.500        ; 0.000          ; Low Pulse Width  ; CLOCK_50 ; Rise       ; controller|\Update_State_Controller:enter_old|clk               ;
; 0.500  ; 0.500        ; 0.000          ; High Pulse Width ; CLOCK_50 ; Rise       ; controller|\Update_State_Controller:next_old|clk                ;
; 0.500  ; 0.500        ; 0.000          ; Low Pulse Width  ; CLOCK_50 ; Rise       ; controller|\Update_State_Controller:next_old|clk                ;
; 0.500  ; 0.500        ; 0.000          ; High Pulse Width ; CLOCK_50 ; Rise       ; controller|\Update_State_Controller:prev_old|clk                ;
; 0.500  ; 0.500        ; 0.000          ; Low Pulse Width  ; CLOCK_50 ; Rise       ; controller|\Update_State_Controller:prev_old|clk                ;
; 0.500  ; 0.500        ; 0.000          ; High Pulse Width ; CLOCK_50 ; Rise       ; controller|initialization_state|clk                             ;
; 0.500  ; 0.500        ; 0.000          ; Low Pulse Width  ; CLOCK_50 ; Rise       ; controller|initialization_state|clk                             ;
; 0.500  ; 0.500        ; 0.000          ; High Pulse Width ; CLOCK_50 ; Rise       ; controller|pulse1|clk                                           ;
; 0.500  ; 0.500        ; 0.000          ; Low Pulse Width  ; CLOCK_50 ; Rise       ; controller|pulse1|clk                                           ;
; 0.500  ; 0.500        ; 0.000          ; High Pulse Width ; CLOCK_50 ; Rise       ; controller|pulse2|clk                                           ;
; 0.500  ; 0.500        ; 0.000          ; Low Pulse Width  ; CLOCK_50 ; Rise       ; controller|pulse2|clk                                           ;
; 0.500  ; 0.500        ; 0.000          ; High Pulse Width ; CLOCK_50 ; Rise       ; controller|stato[0]|clk                                         ;
; 0.500  ; 0.500        ; 0.000          ; Low Pulse Width  ; CLOCK_50 ; Rise       ; controller|stato[0]|clk                                         ;
; 0.500  ; 0.500        ; 0.000          ; High Pulse Width ; CLOCK_50 ; Rise       ; reset_sync_reg|clk                                              ;
; 0.500  ; 0.500        ; 0.000          ; Low Pulse Width  ; CLOCK_50 ; Rise       ; reset_sync_reg|clk                                              ;
+--------+--------------+----------------+------------------+----------+------------+-----------------------------------------------------------------+


+-------------------------------------------------------------------------+
; Setup Times                                                             ;
+-----------+------------+--------+--------+------------+-----------------+
; Data Port ; Clock Port ; Rise   ; Fall   ; Clock Edge ; Clock Reference ;
+-----------+------------+--------+--------+------------+-----------------+
; KEY[*]    ; CLOCK_50   ; 1.941  ; 1.941  ; Rise       ; CLOCK_50        ;
;  KEY[1]   ; CLOCK_50   ; 1.709  ; 1.709  ; Rise       ; CLOCK_50        ;
;  KEY[2]   ; CLOCK_50   ; 1.922  ; 1.922  ; Rise       ; CLOCK_50        ;
;  KEY[3]   ; CLOCK_50   ; 1.941  ; 1.941  ; Rise       ; CLOCK_50        ;
; SW[*]     ; CLOCK_50   ; -0.135 ; -0.135 ; Rise       ; CLOCK_50        ;
;  SW[9]    ; CLOCK_50   ; -0.135 ; -0.135 ; Rise       ; CLOCK_50        ;
+-----------+------------+--------+--------+------------+-----------------+


+-------------------------------------------------------------------------+
; Hold Times                                                              ;
+-----------+------------+--------+--------+------------+-----------------+
; Data Port ; Clock Port ; Rise   ; Fall   ; Clock Edge ; Clock Reference ;
+-----------+------------+--------+--------+------------+-----------------+
; KEY[*]    ; CLOCK_50   ; -1.386 ; -1.386 ; Rise       ; CLOCK_50        ;
;  KEY[1]   ; CLOCK_50   ; -1.509 ; -1.509 ; Rise       ; CLOCK_50        ;
;  KEY[2]   ; CLOCK_50   ; -1.386 ; -1.386 ; Rise       ; CLOCK_50        ;
;  KEY[3]   ; CLOCK_50   ; -1.624 ; -1.624 ; Rise       ; CLOCK_50        ;
; SW[*]     ; CLOCK_50   ; 0.255  ; 0.255  ; Rise       ; CLOCK_50        ;
;  SW[9]    ; CLOCK_50   ; 0.255  ; 0.255  ; Rise       ; CLOCK_50        ;
+-----------+------------+--------+--------+------------+-----------------+


+-----------------------------------------------------------------------+
; Clock to Output Times                                                 ;
+-----------+------------+-------+-------+------------+-----------------+
; Data Port ; Clock Port ; Rise  ; Fall  ; Clock Edge ; Clock Reference ;
+-----------+------------+-------+-------+------------+-----------------+
; LEDG[*]   ; CLOCK_50   ; 3.749 ; 3.749 ; Rise       ; CLOCK_50        ;
;  LEDG[0]  ; CLOCK_50   ; 3.749 ; 3.749 ; Rise       ; CLOCK_50        ;
; LEDR[*]   ; CLOCK_50   ; 3.730 ; 3.730 ; Rise       ; CLOCK_50        ;
;  LEDR[0]  ; CLOCK_50   ; 3.730 ; 3.730 ; Rise       ; CLOCK_50        ;
;  LEDR[1]  ; CLOCK_50   ; 3.717 ; 3.717 ; Rise       ; CLOCK_50        ;
+-----------+------------+-------+-------+------------+-----------------+


+-----------------------------------------------------------------------+
; Minimum Clock to Output Times                                         ;
+-----------+------------+-------+-------+------------+-----------------+
; Data Port ; Clock Port ; Rise  ; Fall  ; Clock Edge ; Clock Reference ;
+-----------+------------+-------+-------+------------+-----------------+
; LEDG[*]   ; CLOCK_50   ; 3.749 ; 3.749 ; Rise       ; CLOCK_50        ;
;  LEDG[0]  ; CLOCK_50   ; 3.749 ; 3.749 ; Rise       ; CLOCK_50        ;
; LEDR[*]   ; CLOCK_50   ; 3.717 ; 3.717 ; Rise       ; CLOCK_50        ;
;  LEDR[0]  ; CLOCK_50   ; 3.730 ; 3.730 ; Rise       ; CLOCK_50        ;
;  LEDR[1]  ; CLOCK_50   ; 3.717 ; 3.717 ; Rise       ; CLOCK_50        ;
+-----------+------------+-------+-------+------------+-----------------+


+------------------------------------------------------------------------------+
; Multicorner Timing Analysis Summary                                          ;
+------------------+--------+-------+----------+---------+---------------------+
; Clock            ; Setup  ; Hold  ; Recovery ; Removal ; Minimum Pulse Width ;
+------------------+--------+-------+----------+---------+---------------------+
; Worst-case Slack ; -1.054 ; 0.215 ; -0.437   ; 0.594   ; -1.631              ;
;  CLOCK_50        ; -1.054 ; 0.215 ; -0.437   ; 0.594   ; -1.631              ;
; Design-wide TNS  ; -2.93  ; 0.0   ; -1.748   ; 0.0     ; -12.629             ;
;  CLOCK_50        ; -2.930 ; 0.000 ; -1.748   ; 0.000   ; -12.629             ;
+------------------+--------+-------+----------+---------+---------------------+


+-----------------------------------------------------------------------+
; Setup Times                                                           ;
+-----------+------------+-------+-------+------------+-----------------+
; Data Port ; Clock Port ; Rise  ; Fall  ; Clock Edge ; Clock Reference ;
+-----------+------------+-------+-------+------------+-----------------+
; KEY[*]    ; CLOCK_50   ; 4.468 ; 4.468 ; Rise       ; CLOCK_50        ;
;  KEY[1]   ; CLOCK_50   ; 3.818 ; 3.818 ; Rise       ; CLOCK_50        ;
;  KEY[2]   ; CLOCK_50   ; 4.411 ; 4.411 ; Rise       ; CLOCK_50        ;
;  KEY[3]   ; CLOCK_50   ; 4.468 ; 4.468 ; Rise       ; CLOCK_50        ;
; SW[*]     ; CLOCK_50   ; 0.718 ; 0.718 ; Rise       ; CLOCK_50        ;
;  SW[9]    ; CLOCK_50   ; 0.718 ; 0.718 ; Rise       ; CLOCK_50        ;
+-----------+------------+-------+-------+------------+-----------------+


+-------------------------------------------------------------------------+
; Hold Times                                                              ;
+-----------+------------+--------+--------+------------+-----------------+
; Data Port ; Clock Port ; Rise   ; Fall   ; Clock Edge ; Clock Reference ;
+-----------+------------+--------+--------+------------+-----------------+
; KEY[*]    ; CLOCK_50   ; -1.386 ; -1.386 ; Rise       ; CLOCK_50        ;
;  KEY[1]   ; CLOCK_50   ; -1.509 ; -1.509 ; Rise       ; CLOCK_50        ;
;  KEY[2]   ; CLOCK_50   ; -1.386 ; -1.386 ; Rise       ; CLOCK_50        ;
;  KEY[3]   ; CLOCK_50   ; -1.624 ; -1.624 ; Rise       ; CLOCK_50        ;
; SW[*]     ; CLOCK_50   ; 0.255  ; 0.255  ; Rise       ; CLOCK_50        ;
;  SW[9]    ; CLOCK_50   ; 0.255  ; 0.255  ; Rise       ; CLOCK_50        ;
+-----------+------------+--------+--------+------------+-----------------+


+-----------------------------------------------------------------------+
; Clock to Output Times                                                 ;
+-----------+------------+-------+-------+------------+-----------------+
; Data Port ; Clock Port ; Rise  ; Fall  ; Clock Edge ; Clock Reference ;
+-----------+------------+-------+-------+------------+-----------------+
; LEDG[*]   ; CLOCK_50   ; 6.918 ; 6.918 ; Rise       ; CLOCK_50        ;
;  LEDG[0]  ; CLOCK_50   ; 6.918 ; 6.918 ; Rise       ; CLOCK_50        ;
; LEDR[*]   ; CLOCK_50   ; 6.897 ; 6.897 ; Rise       ; CLOCK_50        ;
;  LEDR[0]  ; CLOCK_50   ; 6.897 ; 6.897 ; Rise       ; CLOCK_50        ;
;  LEDR[1]  ; CLOCK_50   ; 6.883 ; 6.883 ; Rise       ; CLOCK_50        ;
+-----------+------------+-------+-------+------------+-----------------+


+-----------------------------------------------------------------------+
; Minimum Clock to Output Times                                         ;
+-----------+------------+-------+-------+------------+-----------------+
; Data Port ; Clock Port ; Rise  ; Fall  ; Clock Edge ; Clock Reference ;
+-----------+------------+-------+-------+------------+-----------------+
; LEDG[*]   ; CLOCK_50   ; 3.749 ; 3.749 ; Rise       ; CLOCK_50        ;
;  LEDG[0]  ; CLOCK_50   ; 3.749 ; 3.749 ; Rise       ; CLOCK_50        ;
; LEDR[*]   ; CLOCK_50   ; 3.717 ; 3.717 ; Rise       ; CLOCK_50        ;
;  LEDR[0]  ; CLOCK_50   ; 3.730 ; 3.730 ; Rise       ; CLOCK_50        ;
;  LEDR[1]  ; CLOCK_50   ; 3.717 ; 3.717 ; Rise       ; CLOCK_50        ;
+-----------+------------+-------+-------+------------+-----------------+


+-------------------------------------------------------------------+
; Setup Transfers                                                   ;
+------------+----------+----------+----------+----------+----------+
; From Clock ; To Clock ; RR Paths ; FR Paths ; RF Paths ; FF Paths ;
+------------+----------+----------+----------+----------+----------+
; CLOCK_50   ; CLOCK_50 ; 21       ; 0        ; 0        ; 0        ;
+------------+----------+----------+----------+----------+----------+
Entries labeled "false path" only account for clock-to-clock false paths and not path-based false paths. As a result, actual path counts may be lower than reported.


+-------------------------------------------------------------------+
; Hold Transfers                                                    ;
+------------+----------+----------+----------+----------+----------+
; From Clock ; To Clock ; RR Paths ; FR Paths ; RF Paths ; FF Paths ;
+------------+----------+----------+----------+----------+----------+
; CLOCK_50   ; CLOCK_50 ; 21       ; 0        ; 0        ; 0        ;
+------------+----------+----------+----------+----------+----------+
Entries labeled "false path" only account for clock-to-clock false paths and not path-based false paths. As a result, actual path counts may be lower than reported.


+-------------------------------------------------------------------+
; Recovery Transfers                                                ;
+------------+----------+----------+----------+----------+----------+
; From Clock ; To Clock ; RR Paths ; FR Paths ; RF Paths ; FF Paths ;
+------------+----------+----------+----------+----------+----------+
; CLOCK_50   ; CLOCK_50 ; 4        ; 0        ; 0        ; 0        ;
+------------+----------+----------+----------+----------+----------+
Entries labeled "false path" only account for clock-to-clock false paths and not path-based false paths. As a result, actual path counts may be lower than reported.


+-------------------------------------------------------------------+
; Removal Transfers                                                 ;
+------------+----------+----------+----------+----------+----------+
; From Clock ; To Clock ; RR Paths ; FR Paths ; RF Paths ; FF Paths ;
+------------+----------+----------+----------+----------+----------+
; CLOCK_50   ; CLOCK_50 ; 4        ; 0        ; 0        ; 0        ;
+------------+----------+----------+----------+----------+----------+
Entries labeled "false path" only account for clock-to-clock false paths and not path-based false paths. As a result, actual path counts may be lower than reported.


---------------
; Report TCCS ;
---------------
No dedicated SERDES Transmitter circuitry present in device or used in design


---------------
; Report RSKM ;
---------------
No dedicated SERDES Receiver circuitry present in device or used in design


+------------------------------------------------+
; Unconstrained Paths                            ;
+---------------------------------+-------+------+
; Property                        ; Setup ; Hold ;
+---------------------------------+-------+------+
; Illegal Clocks                  ; 0     ; 0    ;
; Unconstrained Clocks            ; 0     ; 0    ;
; Unconstrained Input Ports       ; 4     ; 4    ;
; Unconstrained Input Port Paths  ; 11    ; 11   ;
; Unconstrained Output Ports      ; 3     ; 3    ;
; Unconstrained Output Port Paths ; 3     ; 3    ;
+---------------------------------+-------+------+


+------------------------------------+
; TimeQuest Timing Analyzer Messages ;
+------------------------------------+
Info: *******************************************************************
Info: Running Quartus II 64-Bit TimeQuest Timing Analyzer
    Info: Version 12.1 Build 243 01/31/2013 Service Pack 1 SJ Web Edition
    Info: Processing started: Fri Sep 27 15:43:20 2019
Info: Command: quartus_sta Perudo -c Perudo
Info: qsta_default_script.tcl version: #1
Info (11104): Parallel Compilation has detected 8 hyper-threaded processors. However, the extra hyper-threaded processors will not be used by default. Parallel Compilation will use 4 of the 4 physical processors detected instead.
Info (21077): Low junction temperature is 0 degrees C
Info (21077): High junction temperature is 85 degrees C
Critical Warning (332012): Synopsys Design Constraints File file not found: 'Perudo.sdc'. A Synopsys Design Constraints File is required by the TimeQuest Timing Analyzer to get proper timing constraints. Without it, the Compiler will not properly optimize the design.
Info (332142): No user constrained base clocks found in the design. Calling "derive_clocks -period 1.0"
Info (332105): Deriving Clocks
    Info (332105): create_clock -period 1.000 -name CLOCK_50 CLOCK_50
Info: Found TIMEQUEST_REPORT_SCRIPT_INCLUDE_DEFAULT_ANALYSIS = ON
Info: Analyzing Slow Model
Critical Warning (332148): Timing requirements not met
Info (332146): Worst-case setup slack is -1.054
    Info (332119):     Slack End Point TNS Clock 
    Info (332119): ========= ============= =====================
    Info (332119):    -1.054        -2.930 CLOCK_50 
Info (332146): Worst-case hold slack is 0.445
    Info (332119):     Slack End Point TNS Clock 
    Info (332119): ========= ============= =====================
    Info (332119):     0.445         0.000 CLOCK_50 
Info (332146): Worst-case recovery slack is -0.437
    Info (332119):     Slack End Point TNS Clock 
    Info (332119): ========= ============= =====================
    Info (332119):    -0.437        -1.748 CLOCK_50 
Info (332146): Worst-case removal slack is 1.189
    Info (332119):     Slack End Point TNS Clock 
    Info (332119): ========= ============= =====================
    Info (332119):     1.189         0.000 CLOCK_50 
Info (332146): Worst-case minimum pulse width slack is -1.631
    Info (332119):     Slack End Point TNS Clock 
    Info (332119): ========= ============= =====================
    Info (332119):    -1.631       -12.629 CLOCK_50 
Info (332001): The selected device family is not supported by the report_metastability command.
Info: Analyzing Fast Model
Info (332146): Worst-case setup slack is 0.214
    Info (332119):     Slack End Point TNS Clock 
    Info (332119): ========= ============= =====================
    Info (332119):     0.214         0.000 CLOCK_50 
Info (332146): Worst-case hold slack is 0.215
    Info (332119):     Slack End Point TNS Clock 
    Info (332119): ========= ============= =====================
    Info (332119):     0.215         0.000 CLOCK_50 
Info (332146): Worst-case recovery slack is 0.286
    Info (332119):     Slack End Point TNS Clock 
    Info (332119): ========= ============= =====================
    Info (332119):     0.286         0.000 CLOCK_50 
Info (332146): Worst-case removal slack is 0.594
    Info (332119):     Slack End Point TNS Clock 
    Info (332119): ========= ============= =====================
    Info (332119):     0.594         0.000 CLOCK_50 
Critical Warning (332148): Timing requirements not met
Info (332146): Worst-case minimum pulse width slack is -1.380
    Info (332119):     Slack End Point TNS Clock 
    Info (332119): ========= ============= =====================
    Info (332119):    -1.380       -10.380 CLOCK_50 
Info (332001): The selected device family is not supported by the report_metastability command.
Info (332102): Design is not fully constrained for setup requirements
Info (332102): Design is not fully constrained for hold requirements
Info: Quartus II 64-Bit TimeQuest Timing Analyzer was successful. 0 errors, 3 warnings
    Info: Peak virtual memory: 4619 megabytes
    Info: Processing ended: Fri Sep 27 15:43:22 2019
    Info: Elapsed time: 00:00:02
    Info: Total CPU time (on all processors): 00:00:01


