Analysis & Synthesis report for Perudo_DE1
Fri Oct 11 14:58:53 2019
Quartus II 32-bit Version 12.1 Build 243 01/31/2013 Service Pack 1 SJ Web Edition


---------------------
; Table of Contents ;
---------------------
  1. Legal Notice
  2. Analysis & Synthesis Summary
  3. Analysis & Synthesis Settings
  4. Parallel Compilation
  5. Analysis & Synthesis Messages



----------------
; Legal Notice ;
----------------
Copyright (C) 1991-2012 Altera Corporation
Your use of Altera Corporation's design tools, logic functions 
and other software and tools, and its AMPP partner logic 
functions, and any output files from any of the foregoing 
(including device programming or simulation files), and any 
associated documentation or information are expressly subject 
to the terms and conditions of the Altera Program License 
Subscription Agreement, Altera MegaCore Function License 
Agreement, or other applicable license agreement, including, 
without limitation, that your use is for the sole purpose of 
programming logic devices manufactured by Altera and sold by 
Altera or its authorized distributors.  Please refer to the 
applicable agreement for further details.



+------------------------------------------------------------------------------------+
; Analysis & Synthesis Summary                                                       ;
+------------------------------------+-----------------------------------------------+
; Analysis & Synthesis Status        ; Failed - Fri Oct 11 14:58:53 2019             ;
; Quartus II 32-bit Version          ; 12.1 Build 243 01/31/2013 SP 1 SJ Web Edition ;
; Revision Name                      ; Perudo_DE1                                    ;
; Top-level Entity Name              ; Perudo_DE1                                    ;
; Family                             ; Cyclone II                                    ;
; Total logic elements               ; N/A until Partition Merge                     ;
;     Total combinational functions  ; N/A until Partition Merge                     ;
;     Dedicated logic registers      ; N/A until Partition Merge                     ;
; Total registers                    ; N/A until Partition Merge                     ;
; Total pins                         ; N/A until Partition Merge                     ;
; Total virtual pins                 ; N/A until Partition Merge                     ;
; Total memory bits                  ; N/A until Partition Merge                     ;
; Embedded Multiplier 9-bit elements ; N/A until Partition Merge                     ;
; Total PLLs                         ; N/A until Partition Merge                     ;
+------------------------------------+-----------------------------------------------+


+----------------------------------------------------------------------------------------------------------------------+
; Analysis & Synthesis Settings                                                                                        ;
+----------------------------------------------------------------------------+--------------------+--------------------+
; Option                                                                     ; Setting            ; Default Value      ;
+----------------------------------------------------------------------------+--------------------+--------------------+
; Device                                                                     ; EP2C20F484C7       ;                    ;
; Top-level entity name                                                      ; Perudo_DE1         ; Perudo_DE1         ;
; Family name                                                                ; Cyclone II         ; Cyclone IV GX      ;
; Use smart compilation                                                      ; Off                ; Off                ;
; Enable parallel Assembler and TimeQuest Timing Analyzer during compilation ; On                 ; On                 ;
; Enable compact report table                                                ; Off                ; Off                ;
; Restructure Multiplexers                                                   ; Auto               ; Auto               ;
; Create Debugging Nodes for IP Cores                                        ; Off                ; Off                ;
; Preserve fewer node names                                                  ; On                 ; On                 ;
; Disable OpenCore Plus hardware evaluation                                  ; Off                ; Off                ;
; Verilog Version                                                            ; Verilog_2001       ; Verilog_2001       ;
; VHDL Version                                                               ; VHDL_1993          ; VHDL_1993          ;
; State Machine Processing                                                   ; Auto               ; Auto               ;
; Safe State Machine                                                         ; Off                ; Off                ;
; Extract Verilog State Machines                                             ; On                 ; On                 ;
; Extract VHDL State Machines                                                ; On                 ; On                 ;
; Ignore Verilog initial constructs                                          ; Off                ; Off                ;
; Iteration limit for constant Verilog loops                                 ; 5000               ; 5000               ;
; Iteration limit for non-constant Verilog loops                             ; 250                ; 250                ;
; Add Pass-Through Logic to Inferred RAMs                                    ; On                 ; On                 ;
; Infer RAMs from Raw Logic                                                  ; On                 ; On                 ;
; Parallel Synthesis                                                         ; On                 ; On                 ;
; DSP Block Balancing                                                        ; Auto               ; Auto               ;
; NOT Gate Push-Back                                                         ; On                 ; On                 ;
; Power-Up Don't Care                                                        ; On                 ; On                 ;
; Remove Redundant Logic Cells                                               ; Off                ; Off                ;
; Remove Duplicate Registers                                                 ; On                 ; On                 ;
; Ignore CARRY Buffers                                                       ; Off                ; Off                ;
; Ignore CASCADE Buffers                                                     ; Off                ; Off                ;
; Ignore GLOBAL Buffers                                                      ; Off                ; Off                ;
; Ignore ROW GLOBAL Buffers                                                  ; Off                ; Off                ;
; Ignore LCELL Buffers                                                       ; Off                ; Off                ;
; Ignore SOFT Buffers                                                        ; On                 ; On                 ;
; Limit AHDL Integers to 32 Bits                                             ; Off                ; Off                ;
; Optimization Technique                                                     ; Balanced           ; Balanced           ;
; Carry Chain Length                                                         ; 70                 ; 70                 ;
; Auto Carry Chains                                                          ; On                 ; On                 ;
; Auto Open-Drain Pins                                                       ; On                 ; On                 ;
; Perform WYSIWYG Primitive Resynthesis                                      ; Off                ; Off                ;
; Auto ROM Replacement                                                       ; On                 ; On                 ;
; Auto RAM Replacement                                                       ; On                 ; On                 ;
; Auto Shift Register Replacement                                            ; Auto               ; Auto               ;
; Allow Shift Register Merging across Hierarchies                            ; Auto               ; Auto               ;
; Auto Clock Enable Replacement                                              ; On                 ; On                 ;
; Strict RAM Replacement                                                     ; Off                ; Off                ;
; Allow Synchronous Control Signals                                          ; On                 ; On                 ;
; Force Use of Synchronous Clear Signals                                     ; Off                ; Off                ;
; Auto RAM to Logic Cell Conversion                                          ; Off                ; Off                ;
; Auto Resource Sharing                                                      ; Off                ; Off                ;
; Allow Any RAM Size For Recognition                                         ; Off                ; Off                ;
; Allow Any ROM Size For Recognition                                         ; Off                ; Off                ;
; Allow Any Shift Register Size For Recognition                              ; Off                ; Off                ;
; Use LogicLock Constraints during Resource Balancing                        ; On                 ; On                 ;
; Ignore translate_off and synthesis_off directives                          ; Off                ; Off                ;
; Timing-Driven Synthesis                                                    ; Off                ; Off                ;
; Report Parameter Settings                                                  ; On                 ; On                 ;
; Report Source Assignments                                                  ; On                 ; On                 ;
; Report Connectivity Checks                                                 ; On                 ; On                 ;
; Ignore Maximum Fan-Out Assignments                                         ; Off                ; Off                ;
; Synchronization Register Chain Length                                      ; 2                  ; 2                  ;
; PowerPlay Power Optimization                                               ; Normal compilation ; Normal compilation ;
; HDL message level                                                          ; Level2             ; Level2             ;
; Suppress Register Optimization Related Messages                            ; Off                ; Off                ;
; Number of Removed Registers Reported in Synthesis Report                   ; 5000               ; 5000               ;
; Number of Swept Nodes Reported in Synthesis Report                         ; 5000               ; 5000               ;
; Number of Inverted Registers Reported in Synthesis Report                  ; 100                ; 100                ;
; Clock MUX Protection                                                       ; On                 ; On                 ;
; Auto Gated Clock Conversion                                                ; Off                ; Off                ;
; Block Design Naming                                                        ; Auto               ; Auto               ;
; SDC constraint protection                                                  ; Off                ; Off                ;
; Synthesis Effort                                                           ; Auto               ; Auto               ;
; Shift Register Replacement - Allow Asynchronous Clear Signal               ; On                 ; On                 ;
; Pre-Mapping Resynthesis Optimization                                       ; Off                ; Off                ;
; Analysis & Synthesis Message Level                                         ; Medium             ; Medium             ;
; Disable Register Merging Across Hierarchies                                ; Auto               ; Auto               ;
; Resource Aware Inference For Block RAM                                     ; On                 ; On                 ;
; Synthesis Seed                                                             ; 1                  ; 1                  ;
+----------------------------------------------------------------------------+--------------------+--------------------+


+------------------------------------------+
; Parallel Compilation                     ;
+----------------------------+-------------+
; Processors                 ; Number      ;
+----------------------------+-------------+
; Number detected on machine ; 4           ;
; Maximum allowed            ; 2           ;
;                            ;             ;
; Average used               ; 1.00        ;
; Maximum used               ; 1           ;
;                            ;             ;
; Usage by Processor         ; % Time Used ;
;     1 processor            ; 100.0%      ;
;     2-4 processors         ;   0.0%      ;
+----------------------------+-------------+


+-------------------------------+
; Analysis & Synthesis Messages ;
+-------------------------------+
Info: *******************************************************************
Info: Running Quartus II 32-bit Analysis & Synthesis
    Info: Version 12.1 Build 243 01/31/2013 Service Pack 1 SJ Web Edition
    Info: Processing started: Fri Oct 11 14:58:50 2019
Info: Command: quartus_map --read_settings_files=on --write_settings_files=off Perudo_DE1 -c Perudo_DE1
Info (11104): Parallel Compilation has detected 4 hyper-threaded processors. However, the extra hyper-threaded processors will not be used by default. Parallel Compilation will use 2 of the 2 physical processors detected instead.
Info (12021): Found 2 design units, including 1 entities, in source file ai_controller.vhd
    Info (12022): Found design unit 1: AI_Controller-RTL
    Info (12023): Found entity 1: AI_Controller
Info (12021): Found 2 design units, including 0 entities, in source file perudo_package.vhd
    Info (12022): Found design unit 1: perudo_package
    Info (12022): Found design unit 2: perudo_package-body
Info (12021): Found 2 design units, including 1 entities, in source file perudo_de1.vhd
    Info (12022): Found design unit 1: Perudo_DE1-RTL
    Info (12023): Found entity 1: Perudo_DE1
Info (12021): Found 2 design units, including 1 entities, in source file perudo_datapath.vhd
    Info (12022): Found design unit 1: Perudo_Datapath-RTL
    Info (12023): Found entity 1: Perudo_Datapath
Info (12021): Found 2 design units, including 1 entities, in source file perudo_controller.vhd
    Info (12022): Found design unit 1: Perudo_Controller-RTL
    Info (12023): Found entity 1: Perudo_Controller
Info (12127): Elaborating entity "Perudo_DE1" for the top level hierarchy
Warning (10541): VHDL Signal Declaration warning at Perudo_DE1.vhd(21): used implicit default value for signal "time_10ms" because signal was never assigned a value or an explicit default value. Use of implicit default value may introduce unintended design optimizations.
Warning (10541): VHDL Signal Declaration warning at Perudo_DE1.vhd(35): used implicit default value for signal "rigenera" because signal was never assigned a value or an explicit default value. Use of implicit default value may introduce unintended design optimizations.
Warning (10036): Verilog HDL or VHDL warning at Perudo_DE1.vhd(37): object "rigenerati" assigned a value but never read
Warning (10036): Verilog HDL or VHDL warning at Perudo_DE1.vhd(42): object "fine_partita" assigned a value but never read
Info (12128): Elaborating entity "Perudo_Controller" for hierarchy "Perudo_Controller:controller"
Warning (10036): Verilog HDL or VHDL warning at Perudo_Controller.vhd(62): object "move_time" assigned a value but never read
Warning (10036): Verilog HDL or VHDL warning at Perudo_Controller.vhd(64): object "pulse1" assigned a value but never read
Warning (10036): Verilog HDL or VHDL warning at Perudo_Controller.vhd(65): object "pulse2" assigned a value but never read
Warning (10036): Verilog HDL or VHDL warning at Perudo_Controller.vhd(66): object "pulse3" assigned a value but never read
Warning (10492): VHDL Process Statement warning at Perudo_Controller.vhd(152): signal "dado_temp" is read inside the Process Statement but isn't in the Process Statement's sensitivity list
Warning (10492): VHDL Process Statement warning at Perudo_Controller.vhd(153): signal "ricorrenza_temp" is read inside the Process Statement but isn't in the Process Statement's sensitivity list
Warning (10873): Using initial value X (don't care) for net "LEDR[8..3]" at Perudo_Controller.vhd(44)
Info (10018): Can't recognize finite state machine "DADO_SCOMMESSO" because it has a complex reset state
Info (12128): Elaborating entity "Perudo_Datapath" for hierarchy "Perudo_Datapath:datapath"
Warning (11792): VHDL warning at Perudo_Datapath.vhd(246): right bound of range must be a constant
Warning (11792): VHDL warning at Perudo_Datapath.vhd(247): right bound of range must be a constant
Warning (10492): VHDL Process Statement warning at Perudo_Datapath.vhd(385): signal "scommessa_corrente" is read inside the Process Statement but isn't in the Process Statement's sensitivity list
Warning (10492): VHDL Process Statement warning at Perudo_Datapath.vhd(386): signal "scommessa_corrente" is read inside the Process Statement but isn't in the Process Statement's sensitivity list
Warning (10492): VHDL Process Statement warning at Perudo_Datapath.vhd(389): signal "giocatori_in_campo" is read inside the Process Statement but isn't in the Process Statement's sensitivity list
Info (10018): Can't recognize finite state machine "GIOCATORI[7].dadi_in_mano[4]" because it has a complex reset state
Info (10018): Can't recognize finite state machine "GIOCATORI[7].dadi_in_mano[3]" because it has a complex reset state
Info (10018): Can't recognize finite state machine "GIOCATORI[7].dadi_in_mano[2]" because it has a complex reset state
Info (10018): Can't recognize finite state machine "GIOCATORI[7].dadi_in_mano[1]" because it has a complex reset state
Info (10018): Can't recognize finite state machine "GIOCATORI[7].dadi_in_mano[0]" because it has a complex reset state
Info (10018): Can't recognize finite state machine "GIOCATORI[6].dadi_in_mano[4]" because it has a complex reset state
Info (10018): Can't recognize finite state machine "GIOCATORI[6].dadi_in_mano[3]" because it has a complex reset state
Info (10018): Can't recognize finite state machine "GIOCATORI[6].dadi_in_mano[2]" because it has a complex reset state
Info (10018): Can't recognize finite state machine "GIOCATORI[6].dadi_in_mano[1]" because it has a complex reset state
Info (10018): Can't recognize finite state machine "GIOCATORI[6].dadi_in_mano[0]" because it has a complex reset state
Info (10018): Can't recognize finite state machine "GIOCATORI[5].dadi_in_mano[4]" because it has a complex reset state
Info (10018): Can't recognize finite state machine "GIOCATORI[5].dadi_in_mano[3]" because it has a complex reset state
Info (10018): Can't recognize finite state machine "GIOCATORI[5].dadi_in_mano[2]" because it has a complex reset state
Info (10018): Can't recognize finite state machine "GIOCATORI[5].dadi_in_mano[1]" because it has a complex reset state
Info (10018): Can't recognize finite state machine "GIOCATORI[5].dadi_in_mano[0]" because it has a complex reset state
Info (10018): Can't recognize finite state machine "GIOCATORI[4].dadi_in_mano[4]" because it has a complex reset state
Info (10018): Can't recognize finite state machine "GIOCATORI[4].dadi_in_mano[3]" because it has a complex reset state
Info (10018): Can't recognize finite state machine "GIOCATORI[4].dadi_in_mano[2]" because it has a complex reset state
Info (10018): Can't recognize finite state machine "GIOCATORI[4].dadi_in_mano[1]" because it has a complex reset state
Info (10018): Can't recognize finite state machine "GIOCATORI[4].dadi_in_mano[0]" because it has a complex reset state
Info (10018): Can't recognize finite state machine "GIOCATORI[3].dadi_in_mano[4]" because it has a complex reset state
Info (10018): Can't recognize finite state machine "GIOCATORI[3].dadi_in_mano[3]" because it has a complex reset state
Info (10018): Can't recognize finite state machine "GIOCATORI[3].dadi_in_mano[2]" because it has a complex reset state
Info (10018): Can't recognize finite state machine "GIOCATORI[3].dadi_in_mano[1]" because it has a complex reset state
Info (10018): Can't recognize finite state machine "GIOCATORI[3].dadi_in_mano[0]" because it has a complex reset state
Info (10018): Can't recognize finite state machine "GIOCATORI[2].dadi_in_mano[4]" because it has a complex reset state
Info (10018): Can't recognize finite state machine "GIOCATORI[2].dadi_in_mano[3]" because it has a complex reset state
Info (10018): Can't recognize finite state machine "GIOCATORI[2].dadi_in_mano[2]" because it has a complex reset state
Info (10018): Can't recognize finite state machine "GIOCATORI[2].dadi_in_mano[1]" because it has a complex reset state
Info (10018): Can't recognize finite state machine "GIOCATORI[2].dadi_in_mano[0]" because it has a complex reset state
Info (10018): Can't recognize finite state machine "GIOCATORI[1].dadi_in_mano[4]" because it has a complex reset state
Info (10018): Can't recognize finite state machine "GIOCATORI[1].dadi_in_mano[3]" because it has a complex reset state
Info (10018): Can't recognize finite state machine "GIOCATORI[1].dadi_in_mano[2]" because it has a complex reset state
Info (10018): Can't recognize finite state machine "GIOCATORI[1].dadi_in_mano[1]" because it has a complex reset state
Info (10018): Can't recognize finite state machine "GIOCATORI[1].dadi_in_mano[0]" because it has a complex reset state
Info (10018): Can't recognize finite state machine "GIOCATORI[0].dadi_in_mano[4]" because it has a complex reset state
Info (10018): Can't recognize finite state machine "GIOCATORI[0].dadi_in_mano[3]" because it has a complex reset state
Info (10018): Can't recognize finite state machine "GIOCATORI[0].dadi_in_mano[2]" because it has a complex reset state
Info (10018): Can't recognize finite state machine "GIOCATORI[0].dadi_in_mano[1]" because it has a complex reset state
Info (10018): Can't recognize finite state machine "GIOCATORI[0].dadi_in_mano[0]" because it has a complex reset state
Info (10018): Can't recognize finite state machine "SCOMMESSA_ATTUALE.dado_scommesso" because it has a complex reset state
Info (12128): Elaborating entity "AI_Controller" for hierarchy "AI_Controller:ai_controller"
Error (10528): VHDL error at AI_Controller.vhd(38): value "0" is outside the target constraint range (1 to 6) File: C:/Users/giova/Desktop/Perudo_FPGA/AI_Controller.vhd Line: 38
Error (10346): VHDL error at perudo_package.vhd(57): formal port or parameter "valore_intero" must have actual or default value File: C:/Users/giova/Desktop/Perudo_FPGA/perudo_package.vhd Line: 57
Error (10657): VHDL Subprogram error at AI_Controller.vhd(38):  failed to elaborate call to subprogram "converti_da_intero_a_dado" File: C:/Users/giova/Desktop/Perudo_FPGA/AI_Controller.vhd Line: 38
Error (10657): VHDL Subprogram error at AI_Controller.vhd(235):  failed to elaborate call to subprogram "dammi_tutte_le_azioni_possibili" File: C:/Users/giova/Desktop/Perudo_FPGA/AI_Controller.vhd Line: 235
Error (12152): Can't elaborate user hierarchy "AI_Controller:ai_controller" File: C:/Users/giova/Desktop/Perudo_FPGA/Perudo_DE1.vhd Line: 188
Error: Quartus II 32-bit Analysis & Synthesis was unsuccessful. 5 errors, 16 warnings
    Error: Peak virtual memory: 404 megabytes
    Error: Processing ended: Fri Oct 11 14:58:53 2019
    Error: Elapsed time: 00:00:03
    Error: Total CPU time (on all processors): 00:00:03


